<?xml version="1.0" encoding="UTF-8"?>
<!-- Generated by org.testng.reporters.JUnitXMLReporter -->
<testsuite ignored="0" hostname="LAPTOP-KLDP45D5" failures="0" tests="2" name="AddJewelleryBulkDetails" time="16.374" errors="0" timestamp="2021-11-25T12:26:00 IST">
  <testcase classname="com.simplogics.testcases.AddJewelleryBulkDetails" name="AddjewelleryBulkDetails" time="8.14"/>
  <testcase classname="com.simplogics.testcases.AddJewelleryBulkDetails" name="AddjewelleryBulkDetails" time="8.231"/>
</testsuite> <!-- AddJewelleryBulkDetails -->
