<?xml version="1.0" encoding="UTF-8"?>
<!-- Generated by org.testng.reporters.JUnitXMLReporter -->
<testsuite ignored="0" hostname="LAPTOP-KLDP45D5" failures="0" tests="2" name="AddGoldBulkDeatails" time="0.014" errors="0" timestamp="2021-11-30T14:42:36 IST">
  <testcase classname="com.simplogics.testcases.AddGoldBulkDeatails" name="AddGoldbulkDetails" time="0.002">
    <skipped/>
  </testcase> <!-- AddGoldbulkDetails -->
  <testcase classname="com.simplogics.testcases.AddGoldBulkDeatails" name="AddGoldbulkDetails" time="0.003">
    <skipped/>
  </testcase> <!-- AddGoldbulkDetails -->
</testsuite> <!-- AddGoldBulkDeatails -->
