<?xml version="1.0" encoding="UTF-8"?>
<testsuite xmlns:xsi="http://www.w3.org/2001/XMLSchema-instance" xsi:schemaLocation="https://maven.apache.org/surefire/maven-surefire-plugin/xsd/surefire-test-report.xsd" name="TestSuite" time="46.698" tests="19" errors="0" skipped="12" failures="0">
  <properties>
[...]
</properties>
  <testcase name="loginPage" classname="com.simplogics.testcases.LoginPage" time="0.992"/>
  <testcase name="chooseyourentity" classname="com.simplogics.testcases.ChooseYourEntityPopup" time="4.317"/>
  <testcase name="homepage" classname="com.simplogics.testcases.Homepage" time="2.397"/>
  <testcase name="createGoldInvoice" classname="com.simplogics.testcases.CreateGoldInvoice" time="0">
    <skipped message="Skipping the test CREATEGOLDINVOICEas the Run mode is NO"/>
    <system-out><![CDATA[rows = 2and cols = 11
sheetname = createGoldInvoice
rowNum = 2
rowNum = 2
rowNum = 2
rowNum = 2
rowNum = 2
rowNum = 2
rowNum = 2
rowNum = 2
rowNum = 2
rowNum = 2
rowNum = 2
]]></system-out>
  </testcase>
  <testcase name="uploadbtnAddRow" classname="com.simplogics.testcases.uploadinAddRow" time="0">
    <skipped message="Skipping the test UPLOADBTNADDROWas the Run mode is NO"/>
  </testcase>
  <testcase name="bulkthisInvoice" classname="com.simplogics.testcases.BulkthisInvoice" time="0">
    <skipped message="Skipping the test BULKTHISINVOICEas the Run mode is NO"/>
  </testcase>
  <testcase name="bulkinPopup" classname="com.simplogics.testcases.BulkinPopup" time="0">
    <skipped message="Skipping the test BULKINPOPUPas the Run mode is NO"/>
  </testcase>
  <testcase name="goldBulk" classname="com.simplogics.testcases.GoldBulk" time="0">
    <skipped message="Skipping the test GOLDBULKas the Run mode is NO"/>
  </testcase>
  <testcase name="addAllDetailsBulk" classname="com.simplogics.testcases.AddAllDetailsBulk" time="0">
    <skipped message="Skipping the test ADDALLDETAILSBULKas the Run mode is NO"/>
  </testcase>
  <testcase name="itemization" classname="com.simplogics.testcases.Itemization" time="0">
    <skipped message="Skipping the test ITEMIZATIONas the Run mode is NO"/>
    <system-out><![CDATA[rows = 2and cols = 7
sheetname = itemization
rowNum = 2
rowNum = 2
rowNum = 2
rowNum = 2
rowNum = 2
rowNum = 2
rowNum = 2
]]></system-out>
  </testcase>
  <testcase name="Stockmanagement" classname="com.simplogics.testcases.StockManagement" time="0.982"/>
  <testcase name="createGoldBulkManual" classname="com.simplogics.testcases.CreateGoldBulkManual" time="0">
    <skipped message="Skipping the test CREATEGOLDBULKMANUALas the Run mode is NO"/>
    <system-out><![CDATA[rows = 2and cols = 10
sheetname = createGoldBulkManual
rowNum = 2
rowNum = 2
rowNum = 2
rowNum = 2
rowNum = 2
rowNum = 2
rowNum = 2
rowNum = 2
rowNum = 2
rowNum = 2
]]></system-out>
  </testcase>
  <testcase name="Bulksearch" classname="com.simplogics.testcases.BulkSearch" time="17.554"/>
  <testcase name="AddGoldbulkDetails" classname="com.simplogics.testcases.AddGoldBulkDeatails" time="0">
    <skipped message="Skipping the test ADDGOLDBULKDETAILSas the Run mode is NO"/>
    <system-out><![CDATA[rows = 2and cols = 3
sheetname = AddGoldbulkDetails
rowNum = 2
rowNum = 2
rowNum = 2
]]></system-out>
  </testcase>
  <testcase name="ExceluploadGoldBulk" classname="com.simplogics.testcases.ExcelUploadGoldBulk" time="0">
    <skipped message="Skipping the test EXCELUPLOADGOLDBULKas the Run mode is NO"/>
  </testcase>
  <testcase name="GenerateitemNoBulkGold" classname="com.simplogics.testcases.GenerateItemNoBulkGold" time="0">
    <skipped message="Skipping the test GENERATEITEMNOBULKGOLDas the Run mode is NO"/>
  </testcase>
  <testcase name="CreatejewelleryBulkManual" classname="com.simplogics.testcases.CreateJewelleryBulkManual" time="0">
    <skipped message="Skipping the test CREATEJEWELLERYBULKMANUALas the Run mode is NO"/>
    <system-out><![CDATA[rows = 2and cols = 6
sheetname = CreatejewelleryBulkManual
rowNum = 2
rowNum = 2
rowNum = 2
rowNum = 2
rowNum = 2
rowNum = 2
]]></system-out>
  </testcase>
  <testcase name="AddjewelleryBulkDetails" classname="com.simplogics.testcases.AddJewelleryBulkDetails" time="8.141"/>
  <testcase name="AddjewelleryBulkDetails" classname="com.simplogics.testcases.AddJewelleryBulkDetails" time="8.232"/>
</testsuite>