<?xml version="1.0" encoding="UTF-8"?>
<!-- Generated by org.testng.reporters.JUnitXMLReporter -->
<testsuite ignored="0" hostname="VK-SIMPLOGICS" failures="0" tests="2" name="AddGoldBulkDeatails" time="0.006" errors="0" timestamp="2022-04-01T13:16:23 IST">
  <testcase classname="com.simplogics.testcases.AddGoldBulkDeatails" name="AddGoldbulkDetails" time="0.0">
    <skipped/>
  </testcase> <!-- AddGoldbulkDetails -->
  <testcase classname="com.simplogics.testcases.AddGoldBulkDeatails" name="AddGoldbulkDetails" time="0.001">
    <skipped/>
  </testcase> <!-- AddGoldbulkDetails -->
</testsuite> <!-- AddGoldBulkDeatails -->
