<?xml version="1.0" encoding="UTF-8"?>
<!-- Generated by org.testng.reporters.JUnitXMLReporter -->
<testsuite ignored="0" hostname="VK-SIMPLOGICS" failures="0" tests="3" name="AddInvoiceWatchDetails" time="0.01" errors="0" timestamp="2022-04-01T13:16:21 IST">
  <testcase classname="com.simplogics.testcases.AddInvoiceWatchDetails" name="addInvoiceWatchDetails" time="0.005">
    <skipped/>
  </testcase> <!-- addInvoiceWatchDetails -->
  <testcase classname="com.simplogics.testcases.AddInvoiceWatchDetails" name="addInvoiceWatchDetails" time="0.001">
    <skipped/>
  </testcase> <!-- addInvoiceWatchDetails -->
  <testcase classname="com.simplogics.testcases.AddInvoiceWatchDetails" name="addInvoiceWatchDetails" time="0.001">
    <skipped/>
  </testcase> <!-- addInvoiceWatchDetails -->
</testsuite> <!-- AddInvoiceWatchDetails -->
