<?xml version="1.0" encoding="UTF-8"?>
<!-- Generated by org.testng.reporters.JUnitXMLReporter -->
<testsuite ignored="0" hostname="VK-SIMPLOGICS" failures="0" tests="3" name="AddInvoiceGoldDetails" time="0.02" errors="0" timestamp="2022-04-01T13:16:21 IST">
  <testcase classname="com.simplogics.testcases.AddInvoiceGoldDetails" name="AddinvoiceGoldDetails" time="0.001">
    <skipped/>
  </testcase> <!-- AddinvoiceGoldDetails -->
  <testcase classname="com.simplogics.testcases.AddInvoiceGoldDetails" name="AddinvoiceGoldDetails" time="0.001">
    <skipped/>
  </testcase> <!-- AddinvoiceGoldDetails -->
  <testcase classname="com.simplogics.testcases.AddInvoiceGoldDetails" name="AddinvoiceGoldDetails" time="0.0">
    <skipped/>
  </testcase> <!-- AddinvoiceGoldDetails -->
</testsuite> <!-- AddInvoiceGoldDetails -->
