<?xml version="1.0" encoding="UTF-8"?>
<!-- Generated by org.testng.reporters.JUnitXMLReporter -->
<testsuite ignored="0" hostname="VK-SIMPLOGICS" failures="0" tests="3" name="AddInvoiceBagDetails" time="0.011" errors="0" timestamp="2022-04-01T13:16:21 IST">
  <testcase classname="com.simplogics.testcases.AddInvoiceBagDetails" name="addInvoiceBagDetails" time="0.002">
    <skipped/>
  </testcase> <!-- addInvoiceBagDetails -->
  <testcase classname="com.simplogics.testcases.AddInvoiceBagDetails" name="addInvoiceBagDetails" time="0.002">
    <skipped/>
  </testcase> <!-- addInvoiceBagDetails -->
  <testcase classname="com.simplogics.testcases.AddInvoiceBagDetails" name="addInvoiceBagDetails" time="0.0">
    <skipped/>
  </testcase> <!-- addInvoiceBagDetails -->
</testsuite> <!-- AddInvoiceBagDetails -->
