<?xml version="1.0" encoding="UTF-8"?>
<!-- Generated by org.testng.reporters.JUnitXMLReporter -->
<testsuite ignored="0" hostname="VK-SIMPLOGICS" failures="0" tests="2" name="BagPriceRecording " time="32.089" errors="0" timestamp="2022-03-30T09:09:39 IST">
  <testcase classname="com.simplogics.testcases.BagPriceRecording" name="bagPriceRecording" time="32.082"/>
  <testcase classname="com.simplogics.testcases.BagPriceRecording" name="bagPriceRecording" time="0.003">
    <skipped/>
  </testcase> <!-- bagPriceRecording -->
</testsuite> <!-- BagPriceRecording  -->
