<?xml version="1.0" encoding="UTF-8"?>
<!-- Generated by org.testng.reporters.JUnitXMLReporter -->
<testsuite ignored="0" hostname="VK-SIMPLOGICS" failures="0" tests="2" name="BagPriceRecordingHistory" time="0.005" errors="0" timestamp="2022-04-01T13:16:43 IST">
  <testcase classname="com.simplogics.testcases.BagPriceRecordingHistory" name="bagPriceRecordingHistory" time="0.001">
    <skipped/>
  </testcase> <!-- bagPriceRecordingHistory -->
  <testcase classname="com.simplogics.testcases.BagPriceRecordingHistory" name="bagPriceRecordingHistory" time="0.001">
    <skipped/>
  </testcase> <!-- bagPriceRecordingHistory -->
</testsuite> <!-- BagPriceRecordingHistory -->
