<?xml version="1.0" encoding="UTF-8"?>
<!-- Generated by org.testng.reporters.JUnitXMLReporter -->
<testsuite ignored="0" hostname="VK-SIMPLOGICS" failures="0" tests="5" name="Choose HQ in ChooseYourEntityPopup" time="10.59" errors="0" timestamp="2022-04-01T13:16:19 IST">
  <testcase classname="com.simplogics.testcases.ChooseYourEntityPopup" name="chooseyourentity" time="0.002">
    <skipped/>
  </testcase> <!-- chooseyourentity -->
  <testcase classname="com.simplogics.testcases.ChooseYourEntityPopup" name="chooseyourentity" time="0.002">
    <skipped/>
  </testcase> <!-- chooseyourentity -->
  <testcase classname="com.simplogics.testcases.ChooseYourEntityPopup" name="chooseyourentity" time="0.001">
    <skipped/>
  </testcase> <!-- chooseyourentity -->
  <testcase classname="com.simplogics.testcases.ChooseYourEntityPopup" name="chooseyourentity" time="0.001">
    <skipped/>
  </testcase> <!-- chooseyourentity -->
  <testcase classname="com.simplogics.testcases.ChooseYourEntityPopup" name="chooseyourentity" time="10.573"/>
</testsuite> <!-- Choose HQ in ChooseYourEntityPopup -->
