<?xml version="1.0" encoding="UTF-8"?>
<!-- Generated by org.testng.reporters.JUnitXMLReporter -->
<testsuite ignored="0" hostname="VK-SIMPLOGICS" failures="0" tests="2" name="CreateWatchBulkManual" time="0.008" errors="0" timestamp="2022-04-01T13:16:43 IST">
  <testcase classname="com.simplogics.testcases.CreateWatchBulkManual" name="createWatchBulkManual" time="0.003">
    <skipped/>
  </testcase> <!-- createWatchBulkManual -->
  <testcase classname="com.simplogics.testcases.CreateWatchBulkManual" name="createWatchBulkManual" time="0.0">
    <skipped/>
  </testcase> <!-- createWatchBulkManual -->
</testsuite> <!-- CreateWatchBulkManual -->
