<?xml version="1.0" encoding="UTF-8"?>
<!-- Generated by org.testng.reporters.JUnitXMLReporter -->
<testsuite ignored="0" hostname="VK-SIMPLOGICS" failures="0" tests="2" name="CreateBagInvoice" time="0.009" errors="0" timestamp="2022-04-01T13:16:21 IST">
  <testcase classname="com.simplogics.testcases.CreateBagInvoice" name="createbaginvoice" time="0.001">
    <skipped/>
  </testcase> <!-- createbaginvoice -->
  <testcase classname="com.simplogics.testcases.CreateBagInvoice" name="createbaginvoice" time="0.001">
    <skipped/>
  </testcase> <!-- createbaginvoice -->
</testsuite> <!-- CreateBagInvoice -->
