<?xml version="1.0" encoding="UTF-8"?>
<!-- Generated by org.testng.reporters.JUnitXMLReporter -->
<testsuite ignored="0" hostname="VK-SIMPLOGICS" failures="0" tests="3" name="CreateJewelleryInvoice" time="0.006" errors="0" timestamp="2022-04-01T13:16:21 IST">
  <testcase classname="com.simplogics.testcases.CreateJewelleryInvoice" name="CreatejewelleryInvoice" time="0.001">
    <skipped/>
  </testcase> <!-- CreatejewelleryInvoice -->
  <testcase classname="com.simplogics.testcases.CreateJewelleryInvoice" name="CreatejewelleryInvoice" time="0.001">
    <skipped/>
  </testcase> <!-- CreatejewelleryInvoice -->
  <testcase classname="com.simplogics.testcases.CreateJewelleryInvoice" name="CreatejewelleryInvoice" time="0.001">
    <skipped/>
  </testcase> <!-- CreatejewelleryInvoice -->
</testsuite> <!-- CreateJewelleryInvoice -->
