<?xml version="1.0" encoding="UTF-8"?>
<!-- Generated by org.testng.reporters.JUnitXMLReporter -->
<testsuite ignored="0" hostname="VK-SIMPLOGICS" failures="0" tests="4" name="ExcelUploadBulk" time="0.008" errors="0" timestamp="2022-04-01T13:16:23 IST">
  <testcase classname="com.simplogics.testcases.ExcelUploadBulk" name="ExceluploadBulkAndItemization" time="0.001">
    <skipped/>
  </testcase> <!-- ExceluploadBulkAndItemization -->
  <testcase classname="com.simplogics.testcases.ExcelUploadBulk" name="ExceluploadBulkAndItemization" time="0.0">
    <skipped/>
  </testcase> <!-- ExceluploadBulkAndItemization -->
  <testcase classname="com.simplogics.testcases.ExcelUploadBulk" name="ExceluploadBulkAndItemization" time="0.0">
    <skipped/>
  </testcase> <!-- ExceluploadBulkAndItemization -->
  <testcase classname="com.simplogics.testcases.ExcelUploadBulk" name="ExceluploadBulkAndItemization" time="0.002">
    <skipped/>
  </testcase> <!-- ExceluploadBulkAndItemization -->
</testsuite> <!-- ExcelUploadBulk -->
