<?xml version="1.0" encoding="UTF-8"?>
<!-- Generated by org.testng.reporters.JUnitXMLReporter -->
<testsuite ignored="0" hostname="DESKTOP-20RB9IR" failures="0" tests="2" name="GoldPriceRecordingMenu " time="12.155" errors="0" timestamp="2022-02-03T17:04:44 IST">
  <testcase classname="com.simplogics.testcases.GoldPriceRecordingMenu" name="goldPriceRecordingMenu" time="0.001"/>
  <testcase classname="com.simplogics.testcases.GoldPriceRecordingMenu" name="goldPriceRecordingMenu" time="12.148"/>
</testsuite> <!-- GoldPriceRecordingMenu  -->
