<?xml version="1.0" encoding="UTF-8"?>
<!-- Generated by org.testng.reporters.JUnitXMLReporter -->
<testsuite ignored="0" hostname="VK-SIMPLOGICS" failures="0" tests="1" name="GoldPriceRecordingByPieceUnposted " time="0.005" errors="0" timestamp="2022-04-01T13:16:43 IST">
  <testcase classname="com.simplogics.testcases.GoldPriceRecordingByPieceUnposted" name="goldByPieceUnposted" time="0.002">
    <skipped/>
  </testcase> <!-- goldByPieceUnposted -->
</testsuite> <!-- GoldPriceRecordingByPieceUnposted  -->
