<?xml version="1.0" encoding="UTF-8"?>
<!-- Generated by org.testng.reporters.JUnitXMLReporter -->
<testsuite ignored="0" hostname="VK-SIMPLOGICS" failures="0" tests="9" name="IssueOutAndMeltingHistory" time="0.012" errors="0" timestamp="2022-04-01T13:16:43 IST">
  <testcase classname="com.simplogics.testcases.IssueOutAndMeltingHistory" name="issueOutandMeltingHistory" time="0.0">
    <skipped/>
  </testcase> <!-- issueOutandMeltingHistory -->
  <testcase classname="com.simplogics.testcases.IssueOutAndMeltingHistory" name="issueOutandMeltingHistory" time="0.001">
    <skipped/>
  </testcase> <!-- issueOutandMeltingHistory -->
  <testcase classname="com.simplogics.testcases.IssueOutAndMeltingHistory" name="issueOutandMeltingHistory" time="0.001">
    <skipped/>
  </testcase> <!-- issueOutandMeltingHistory -->
  <testcase classname="com.simplogics.testcases.IssueOutAndMeltingHistory" name="issueOutandMeltingHistory" time="0.0">
    <skipped/>
  </testcase> <!-- issueOutandMeltingHistory -->
  <testcase classname="com.simplogics.testcases.IssueOutAndMeltingHistory" name="issueOutandMeltingHistory" time="0.001">
    <skipped/>
  </testcase> <!-- issueOutandMeltingHistory -->
  <testcase classname="com.simplogics.testcases.IssueOutAndMeltingHistory" name="issueOutandMeltingHistory" time="0.0">
    <skipped/>
  </testcase> <!-- issueOutandMeltingHistory -->
  <testcase classname="com.simplogics.testcases.IssueOutAndMeltingHistory" name="issueOutandMeltingHistory" time="0.001">
    <skipped/>
  </testcase> <!-- issueOutandMeltingHistory -->
  <testcase classname="com.simplogics.testcases.IssueOutAndMeltingHistory" name="issueOutandMeltingHistory" time="0.0">
    <skipped/>
  </testcase> <!-- issueOutandMeltingHistory -->
  <testcase classname="com.simplogics.testcases.IssueOutAndMeltingHistory" name="issueOutandMeltingHistory" time="0.001">
    <skipped/>
  </testcase> <!-- issueOutandMeltingHistory -->
</testsuite> <!-- IssueOutAndMeltingHistory -->
