<?xml version="1.0" encoding="UTF-8"?>
<!-- Generated by org.testng.reporters.JUnitXMLReporter -->
<testsuite ignored="0" hostname="VK-SIMPLOGICS" failures="0" tests="5" name="ItemListingGold" time="0.007" errors="0" timestamp="2022-04-01T13:16:43 IST">
  <testcase classname="com.simplogics.testcases.ItemListingGold" name="itemListingGold" time="0.001">
    <skipped/>
  </testcase> <!-- itemListingGold -->
  <testcase classname="com.simplogics.testcases.ItemListingGold" name="itemListingGold" time="0.001">
    <skipped/>
  </testcase> <!-- itemListingGold -->
  <testcase classname="com.simplogics.testcases.ItemListingGold" name="itemListingGold" time="0.0">
    <skipped/>
  </testcase> <!-- itemListingGold -->
  <testcase classname="com.simplogics.testcases.ItemListingGold" name="itemListingGold" time="0.0">
    <skipped/>
  </testcase> <!-- itemListingGold -->
  <testcase classname="com.simplogics.testcases.ItemListingGold" name="itemListingGold" time="0.0">
    <skipped/>
  </testcase> <!-- itemListingGold -->
</testsuite> <!-- ItemListingGold -->
