<?xml version="1.0" encoding="UTF-8"?>
<!-- Generated by org.testng.reporters.JUnitXMLReporter -->
<testsuite ignored="0" hostname="VK-SIMPLOGICS" failures="0" tests="3" name="ItemListingWatch" time="0.007" errors="0" timestamp="2022-04-01T13:16:43 IST">
  <testcase classname="com.simplogics.testcases.ItemListingWatch" name="itemListingWatch" time="0.002">
    <skipped/>
  </testcase> <!-- itemListingWatch -->
  <testcase classname="com.simplogics.testcases.ItemListingWatch" name="itemListingWatch" time="0.001">
    <skipped/>
  </testcase> <!-- itemListingWatch -->
  <testcase classname="com.simplogics.testcases.ItemListingWatch" name="itemListingWatch" time="0.0">
    <skipped/>
  </testcase> <!-- itemListingWatch -->
</testsuite> <!-- ItemListingWatch -->
