<?xml version="1.0" encoding="UTF-8"?>
<!-- Generated by org.testng.reporters.JUnitXMLReporter -->
<testsuite ignored="0" hostname="DESKTOP-20RB9IR" failures="0" tests="2" name="JewelleryPriceRecordingPopup" time="60.944" errors="0" timestamp="2022-02-03T11:02:53 IST">
  <testcase classname="com.simplogics.testcases.JewelleryPriceRecordingPopup" name="jewelleryPriceRecordingPopup" time="31.019"/>
  <testcase classname="com.simplogics.testcases.JewelleryPriceRecordingPopup" name="jewelleryPriceRecordingPopup" time="29.92"/>
</testsuite> <!-- JewelleryPriceRecordingPopup -->
