<?xml version="1.0" encoding="UTF-8"?>
<!-- Generated by org.testng.reporters.JUnitXMLReporter -->
<testsuite ignored="0" hostname="VK-SIMPLOGICS" failures="0" tests="3" name="JewelleryPriceRevisionPopup" time="0.004" errors="0" timestamp="2022-04-01T13:16:43 IST">
  <testcase classname="com.simplogics.testcases.JewelleryPriceRevisionPopup" name="jewelleryPriceRevisionPopup" time="0.001">
    <skipped/>
  </testcase> <!-- jewelleryPriceRevisionPopup -->
  <testcase classname="com.simplogics.testcases.JewelleryPriceRevisionPopup" name="jewelleryPriceRevisionPopup" time="0.001">
    <skipped/>
  </testcase> <!-- jewelleryPriceRevisionPopup -->
  <testcase classname="com.simplogics.testcases.JewelleryPriceRevisionPopup" name="jewelleryPriceRevisionPopup" time="0.001">
    <skipped/>
  </testcase> <!-- jewelleryPriceRevisionPopup -->
</testsuite> <!-- JewelleryPriceRevisionPopup -->
