<?xml version="1.0" encoding="UTF-8"?>
<!-- Generated by org.testng.reporters.JUnitXMLReporter -->
<testsuite ignored="0" hostname="VK-SIMPLOGICS" failures="0" tests="2" name="StockEditApprover" time="0.005" errors="0" timestamp="2022-04-01T13:16:43 IST">
  <testcase classname="com.simplogics.testcases.StockEditApprover" name="stockEditApprover" time="0.001">
    <skipped/>
  </testcase> <!-- stockEditApprover -->
  <testcase classname="com.simplogics.testcases.StockEditApprover" name="stockEditApprover" time="0.0">
    <skipped/>
  </testcase> <!-- stockEditApprover -->
</testsuite> <!-- StockEditApprover -->
