<?xml version="1.0" encoding="UTF-8"?>
<!-- Generated by org.testng.reporters.JUnitXMLReporter -->
<testsuite ignored="0" hostname="VK-SIMPLOGICS" failures="0" tests="4" name="uploadinAddRow" time="0.009" errors="0" timestamp="2022-04-01T13:16:21 IST">
  <testcase classname="com.simplogics.testcases.uploadinAddRow" name="uploadbtnAddRow" time="0.002">
    <skipped/>
  </testcase> <!-- uploadbtnAddRow -->
  <testcase classname="com.simplogics.testcases.uploadinAddRow" name="uploadbtnAddRow" time="0.001">
    <skipped/>
  </testcase> <!-- uploadbtnAddRow -->
  <testcase classname="com.simplogics.testcases.uploadinAddRow" name="uploadbtnAddRow" time="0.001">
    <skipped/>
  </testcase> <!-- uploadbtnAddRow -->
  <testcase classname="com.simplogics.testcases.uploadinAddRow" name="uploadbtnAddRow" time="0.0">
    <skipped/>
  </testcase> <!-- uploadbtnAddRow -->
</testsuite> <!-- uploadinAddRow -->
