<?xml version="1.0" encoding="UTF-8"?>
<!-- Generated by org.testng.reporters.JUnitXMLReporter -->
<testsuite ignored="0" hostname="VK-SIMPLOGICS" failures="0" tests="1" name="WatchPriceRecordingUnposted" time="0.006" errors="0" timestamp="2022-04-01T13:16:43 IST">
  <testcase classname="com.simplogics.testcases.WatchPriceRecordingUnposted" name="watchPriceRecordingUnposted" time="0.002">
    <skipped/>
  </testcase> <!-- watchPriceRecordingUnposted -->
</testsuite> <!-- WatchPriceRecordingUnposted -->
