<?xml version="1.0" encoding="UTF-8"?>
<testng-results ignored="0" total="200" passed="5" failed="0" skipped="195">
  <reporter-output>
  </reporter-output>
  <suite started-at="2022-04-01T13:16:05 IST" name="Aspial Automation Test Framework" finished-at="2022-04-01T13:16:43 IST" duration-ms="38240">
    <groups>
    </groups>
    <test started-at="2022-04-01T13:16:05 IST" name="Login to Aspial" finished-at="2022-04-01T13:16:08 IST" duration-ms="2763">
      <class name="com.simplogics.testcases.LoginPage">
        <test-method signature="loginPage(java.util.Hashtable)[pri:0, instance:com.simplogics.testcases.LoginPage@42f48531]" started-at="2022-04-01T13:16:05 IST" name="loginPage" data-provider="dp" finished-at="2022-04-01T13:16:08 IST" duration-ms="2702" status="PASS">
          <params>
            <param index="0">
              <value>
                <![CDATA[{password=11/11/1111, runmode=Y, username=jowen_pagao}]]>
              </value>
            </param>
          </params>
          <reporter-output>
          </reporter-output>
        </test-method> <!-- loginPage -->
      </class> <!-- com.simplogics.testcases.LoginPage -->
    </test> <!-- Login to Aspial -->
    <test started-at="2022-04-01T13:16:08 IST" name="Choose HQ in ChooseYourEntityPopup" finished-at="2022-04-01T13:16:19 IST" duration-ms="10590">
      <class name="com.simplogics.testcases.ChooseYourEntityPopup">
        <test-method signature="chooseyourentity(java.util.Hashtable)[pri:0, instance:com.simplogics.testcases.ChooseYourEntityPopup@5b07730f]" started-at="2022-04-01T13:16:08 IST" name="chooseyourentity" data-provider="dp" finished-at="2022-04-01T13:16:08 IST" duration-ms="2" status="SKIP">
          <params>
            <param index="0">
              <value>
                <![CDATA[{Subaccount=CITSUPPORT3, runmode=N, Entity=Aspial}]]>
              </value>
            </param>
          </params>
          <exception class="org.testng.SkipException">
            <message>
              <![CDATA[Skipping the test case as the Run mode for data set is NO]]>
            </message>
            <full-stacktrace>
              <![CDATA[org.testng.SkipException: Skipping the test case as the Run mode for data set is NO
at com.simplogics.testcases.ChooseYourEntityPopup.chooseyourentity(ChooseYourEntityPopup.java:26)
at java.base/jdk.internal.reflect.NativeMethodAccessorImpl.invoke0(Native Method)
at java.base/jdk.internal.reflect.NativeMethodAccessorImpl.invoke(NativeMethodAccessorImpl.java:77)
at java.base/jdk.internal.reflect.DelegatingMethodAccessorImpl.invoke(DelegatingMethodAccessorImpl.java:43)
at java.base/java.lang.reflect.Method.invoke(Method.java:568)
at org.testng.internal.MethodInvocationHelper.invokeMethod(MethodInvocationHelper.java:133)
at org.testng.internal.TestInvoker.invokeMethod(TestInvoker.java:598)
at org.testng.internal.TestInvoker.invokeTestMethod(TestInvoker.java:173)
at org.testng.internal.MethodRunner.runInSequence(MethodRunner.java:46)
at org.testng.internal.TestInvoker$MethodInvocationAgent.invoke(TestInvoker.java:824)
at org.testng.internal.TestInvoker.invokeTestMethods(TestInvoker.java:146)
at org.testng.internal.TestMethodWorker.invokeTestMethods(TestMethodWorker.java:146)
at org.testng.internal.TestMethodWorker.run(TestMethodWorker.java:128)
at java.base/java.util.concurrent.ThreadPoolExecutor.runWorker(ThreadPoolExecutor.java:1136)
at java.base/java.util.concurrent.ThreadPoolExecutor$Worker.run(ThreadPoolExecutor.java:635)
at java.base/java.lang.Thread.run(Thread.java:833)
]]>
            </full-stacktrace>
          </exception> <!-- org.testng.SkipException -->
          <reporter-output>
          </reporter-output>
        </test-method> <!-- chooseyourentity -->
        <test-method signature="chooseyourentity(java.util.Hashtable)[pri:0, instance:com.simplogics.testcases.ChooseYourEntityPopup@5b07730f]" started-at="2022-04-01T13:16:08 IST" name="chooseyourentity" data-provider="dp" finished-at="2022-04-01T13:16:08 IST" duration-ms="2" status="SKIP">
          <params>
            <param index="0">
              <value>
                <![CDATA[{Subaccount=CITSupport, runmode=N, Entity=Maxi}]]>
              </value>
            </param>
          </params>
          <exception class="org.testng.SkipException">
            <message>
              <![CDATA[Skipping the test case as the Run mode for data set is NO]]>
            </message>
            <full-stacktrace>
              <![CDATA[org.testng.SkipException: Skipping the test case as the Run mode for data set is NO
at com.simplogics.testcases.ChooseYourEntityPopup.chooseyourentity(ChooseYourEntityPopup.java:26)
at java.base/jdk.internal.reflect.NativeMethodAccessorImpl.invoke0(Native Method)
at java.base/jdk.internal.reflect.NativeMethodAccessorImpl.invoke(NativeMethodAccessorImpl.java:77)
at java.base/jdk.internal.reflect.DelegatingMethodAccessorImpl.invoke(DelegatingMethodAccessorImpl.java:43)
at java.base/java.lang.reflect.Method.invoke(Method.java:568)
at org.testng.internal.MethodInvocationHelper.invokeMethod(MethodInvocationHelper.java:133)
at org.testng.internal.TestInvoker.invokeMethod(TestInvoker.java:598)
at org.testng.internal.TestInvoker.invokeTestMethod(TestInvoker.java:173)
at org.testng.internal.MethodRunner.runInSequence(MethodRunner.java:46)
at org.testng.internal.TestInvoker$MethodInvocationAgent.invoke(TestInvoker.java:824)
at org.testng.internal.TestInvoker.invokeTestMethods(TestInvoker.java:146)
at org.testng.internal.TestMethodWorker.invokeTestMethods(TestMethodWorker.java:146)
at org.testng.internal.TestMethodWorker.run(TestMethodWorker.java:128)
at java.base/java.util.concurrent.ThreadPoolExecutor.runWorker(ThreadPoolExecutor.java:1136)
at java.base/java.util.concurrent.ThreadPoolExecutor$Worker.run(ThreadPoolExecutor.java:635)
at java.base/java.lang.Thread.run(Thread.java:833)
]]>
            </full-stacktrace>
          </exception> <!-- org.testng.SkipException -->
          <reporter-output>
          </reporter-output>
        </test-method> <!-- chooseyourentity -->
        <test-method signature="chooseyourentity(java.util.Hashtable)[pri:0, instance:com.simplogics.testcases.ChooseYourEntityPopup@5b07730f]" started-at="2022-04-01T13:16:08 IST" name="chooseyourentity" data-provider="dp" finished-at="2022-04-01T13:16:08 IST" duration-ms="1" status="SKIP">
          <params>
            <param index="0">
              <value>
                <![CDATA[{Subaccount=CITSUPPORT, runmode=N, Entity=Aspial}]]>
              </value>
            </param>
          </params>
          <exception class="org.testng.SkipException">
            <message>
              <![CDATA[Skipping the test case as the Run mode for data set is NO]]>
            </message>
            <full-stacktrace>
              <![CDATA[org.testng.SkipException: Skipping the test case as the Run mode for data set is NO
at com.simplogics.testcases.ChooseYourEntityPopup.chooseyourentity(ChooseYourEntityPopup.java:26)
at java.base/jdk.internal.reflect.NativeMethodAccessorImpl.invoke0(Native Method)
at java.base/jdk.internal.reflect.NativeMethodAccessorImpl.invoke(NativeMethodAccessorImpl.java:77)
at java.base/jdk.internal.reflect.DelegatingMethodAccessorImpl.invoke(DelegatingMethodAccessorImpl.java:43)
at java.base/java.lang.reflect.Method.invoke(Method.java:568)
at org.testng.internal.MethodInvocationHelper.invokeMethod(MethodInvocationHelper.java:133)
at org.testng.internal.TestInvoker.invokeMethod(TestInvoker.java:598)
at org.testng.internal.TestInvoker.invokeTestMethod(TestInvoker.java:173)
at org.testng.internal.MethodRunner.runInSequence(MethodRunner.java:46)
at org.testng.internal.TestInvoker$MethodInvocationAgent.invoke(TestInvoker.java:824)
at org.testng.internal.TestInvoker.invokeTestMethods(TestInvoker.java:146)
at org.testng.internal.TestMethodWorker.invokeTestMethods(TestMethodWorker.java:146)
at org.testng.internal.TestMethodWorker.run(TestMethodWorker.java:128)
at java.base/java.util.concurrent.ThreadPoolExecutor.runWorker(ThreadPoolExecutor.java:1136)
at java.base/java.util.concurrent.ThreadPoolExecutor$Worker.run(ThreadPoolExecutor.java:635)
at java.base/java.lang.Thread.run(Thread.java:833)
]]>
            </full-stacktrace>
          </exception> <!-- org.testng.SkipException -->
          <reporter-output>
          </reporter-output>
        </test-method> <!-- chooseyourentity -->
        <test-method signature="chooseyourentity(java.util.Hashtable)[pri:0, instance:com.simplogics.testcases.ChooseYourEntityPopup@5b07730f]" started-at="2022-04-01T13:16:08 IST" name="chooseyourentity" data-provider="dp" finished-at="2022-04-01T13:16:08 IST" duration-ms="1" status="SKIP">
          <params>
            <param index="0">
              <value>
                <![CDATA[{Subaccount=IVYLAU, runmode=N, Entity=Aspial}]]>
              </value>
            </param>
          </params>
          <exception class="org.testng.SkipException">
            <message>
              <![CDATA[Skipping the test case as the Run mode for data set is NO]]>
            </message>
            <full-stacktrace>
              <![CDATA[org.testng.SkipException: Skipping the test case as the Run mode for data set is NO
at com.simplogics.testcases.ChooseYourEntityPopup.chooseyourentity(ChooseYourEntityPopup.java:26)
at java.base/jdk.internal.reflect.NativeMethodAccessorImpl.invoke0(Native Method)
at java.base/jdk.internal.reflect.NativeMethodAccessorImpl.invoke(NativeMethodAccessorImpl.java:77)
at java.base/jdk.internal.reflect.DelegatingMethodAccessorImpl.invoke(DelegatingMethodAccessorImpl.java:43)
at java.base/java.lang.reflect.Method.invoke(Method.java:568)
at org.testng.internal.MethodInvocationHelper.invokeMethod(MethodInvocationHelper.java:133)
at org.testng.internal.TestInvoker.invokeMethod(TestInvoker.java:598)
at org.testng.internal.TestInvoker.invokeTestMethod(TestInvoker.java:173)
at org.testng.internal.MethodRunner.runInSequence(MethodRunner.java:46)
at org.testng.internal.TestInvoker$MethodInvocationAgent.invoke(TestInvoker.java:824)
at org.testng.internal.TestInvoker.invokeTestMethods(TestInvoker.java:146)
at org.testng.internal.TestMethodWorker.invokeTestMethods(TestMethodWorker.java:146)
at org.testng.internal.TestMethodWorker.run(TestMethodWorker.java:128)
at java.base/java.util.concurrent.ThreadPoolExecutor.runWorker(ThreadPoolExecutor.java:1136)
at java.base/java.util.concurrent.ThreadPoolExecutor$Worker.run(ThreadPoolExecutor.java:635)
at java.base/java.lang.Thread.run(Thread.java:833)
]]>
            </full-stacktrace>
          </exception> <!-- org.testng.SkipException -->
          <reporter-output>
          </reporter-output>
        </test-method> <!-- chooseyourentity -->
        <test-method signature="chooseyourentity(java.util.Hashtable)[pri:0, instance:com.simplogics.testcases.ChooseYourEntityPopup@5b07730f]" started-at="2022-04-01T13:16:08 IST" name="chooseyourentity" data-provider="dp" finished-at="2022-04-01T13:16:19 IST" duration-ms="10573" status="PASS">
          <params>
            <param index="0">
              <value>
                <![CDATA[{Subaccount=MCJGKELLYTAN, runmode=Y, Entity=Maxi}]]>
              </value>
            </param>
          </params>
          <reporter-output>
          </reporter-output>
        </test-method> <!-- chooseyourentity -->
      </class> <!-- com.simplogics.testcases.ChooseYourEntityPopup -->
    </test> <!-- Choose HQ in ChooseYourEntityPopup -->
    <test started-at="2022-04-01T13:16:19 IST" name="Choose HQ in Select Purchase management" finished-at="2022-04-01T13:16:21 IST" duration-ms="2694">
      <class name="com.simplogics.testcases.Homepage">
        <test-method signature="homepage()[pri:0, instance:com.simplogics.testcases.Homepage@40499e4f]" started-at="2022-04-01T13:16:19 IST" name="homepage" finished-at="2022-04-01T13:16:21 IST" duration-ms="2690" status="PASS">
          <reporter-output>
          </reporter-output>
        </test-method> <!-- homepage -->
      </class> <!-- com.simplogics.testcases.Homepage -->
    </test> <!-- Choose HQ in Select Purchase management -->
    <test started-at="2022-04-01T13:16:21 IST" name="InvoiceSearch" finished-at="2022-04-01T13:16:21 IST" duration-ms="4">
      <class name="com.simplogics.testcases.InvoiceSearch">
        <test-method signature="invoiceSearch(java.util.Hashtable)[pri:0, instance:com.simplogics.testcases.InvoiceSearch@590c73d3]" started-at="2022-04-01T13:16:21 IST" name="invoiceSearch" data-provider="dp" finished-at="2022-04-01T13:16:21 IST" duration-ms="1" status="SKIP">
          <params>
            <param index="0">
              <value>
                <![CDATA[{DocRefNo=IG_0044}]]>
              </value>
            </param>
          </params>
          <exception class="org.testng.SkipException">
            <message>
              <![CDATA[Skipping the test INVOICESEARCHas the Run mode is NO]]>
            </message>
            <full-stacktrace>
              <![CDATA[org.testng.SkipException: Skipping the test INVOICESEARCHas the Run mode is NO
at com.simplogics.testcases.InvoiceSearch.invoiceSearch(InvoiceSearch.java:16)
at java.base/jdk.internal.reflect.NativeMethodAccessorImpl.invoke0(Native Method)
at java.base/jdk.internal.reflect.NativeMethodAccessorImpl.invoke(NativeMethodAccessorImpl.java:77)
at java.base/jdk.internal.reflect.DelegatingMethodAccessorImpl.invoke(DelegatingMethodAccessorImpl.java:43)
at java.base/java.lang.reflect.Method.invoke(Method.java:568)
at org.testng.internal.MethodInvocationHelper.invokeMethod(MethodInvocationHelper.java:133)
at org.testng.internal.TestInvoker.invokeMethod(TestInvoker.java:598)
at org.testng.internal.TestInvoker.invokeTestMethod(TestInvoker.java:173)
at org.testng.internal.MethodRunner.runInSequence(MethodRunner.java:46)
at org.testng.internal.TestInvoker$MethodInvocationAgent.invoke(TestInvoker.java:824)
at org.testng.internal.TestInvoker.invokeTestMethods(TestInvoker.java:146)
at org.testng.internal.TestMethodWorker.invokeTestMethods(TestMethodWorker.java:146)
at org.testng.internal.TestMethodWorker.run(TestMethodWorker.java:128)
at java.base/java.util.concurrent.ThreadPoolExecutor.runWorker(ThreadPoolExecutor.java:1136)
at java.base/java.util.concurrent.ThreadPoolExecutor$Worker.run(ThreadPoolExecutor.java:635)
at java.base/java.lang.Thread.run(Thread.java:833)
]]>
            </full-stacktrace>
          </exception> <!-- org.testng.SkipException -->
          <reporter-output>
          </reporter-output>
        </test-method> <!-- invoiceSearch -->
      </class> <!-- com.simplogics.testcases.InvoiceSearch -->
    </test> <!-- InvoiceSearch -->
    <test started-at="2022-04-01T13:16:21 IST" name="CreateGoldInvoice" finished-at="2022-04-01T13:16:21 IST" duration-ms="10">
      <class name="com.simplogics.testcases.CreateGoldInvoice">
        <test-method signature="createGoldInvoice(java.util.Hashtable)[pri:0, instance:com.simplogics.testcases.CreateGoldInvoice@79da1ec0]" started-at="2022-04-01T13:16:21 IST" name="createGoldInvoice" data-provider="dp" finished-at="2022-04-01T13:16:21 IST" duration-ms="2" status="SKIP">
          <params>
            <param index="0">
              <value>
                <![CDATA[{Note=For maxi-cash, Billing Supplier: ARCADE PTE LTD, WMCP=500, PrimarysupplierSarchbox=A'S JEWELRY, billingsupplierSarchbox=ARCADE PTE LTD, TotalQtytextfield=25, runmode=Y, DocReftextfield=IG_0044, totalgold=25000, billingSupCountry=Singapore, TotalWttextfield=250, primarySupCountry=Singapore, goldloss=2.5}]]>
              </value>
            </param>
          </params>
          <exception class="org.testng.SkipException">
            <message>
              <![CDATA[Skipping the test CREATEGOLDINVOICEas the Run mode is NO]]>
            </message>
            <full-stacktrace>
              <![CDATA[org.testng.SkipException: Skipping the test CREATEGOLDINVOICEas the Run mode is NO
at com.simplogics.testcases.CreateGoldInvoice.createGoldInvoice(CreateGoldInvoice.java:28)
at java.base/jdk.internal.reflect.NativeMethodAccessorImpl.invoke0(Native Method)
at java.base/jdk.internal.reflect.NativeMethodAccessorImpl.invoke(NativeMethodAccessorImpl.java:77)
at java.base/jdk.internal.reflect.DelegatingMethodAccessorImpl.invoke(DelegatingMethodAccessorImpl.java:43)
at java.base/java.lang.reflect.Method.invoke(Method.java:568)
at org.testng.internal.MethodInvocationHelper.invokeMethod(MethodInvocationHelper.java:133)
at org.testng.internal.TestInvoker.invokeMethod(TestInvoker.java:598)
at org.testng.internal.TestInvoker.invokeTestMethod(TestInvoker.java:173)
at org.testng.internal.MethodRunner.runInSequence(MethodRunner.java:46)
at org.testng.internal.TestInvoker$MethodInvocationAgent.invoke(TestInvoker.java:824)
at org.testng.internal.TestInvoker.invokeTestMethods(TestInvoker.java:146)
at org.testng.internal.TestMethodWorker.invokeTestMethods(TestMethodWorker.java:146)
at org.testng.internal.TestMethodWorker.run(TestMethodWorker.java:128)
at java.base/java.util.concurrent.ThreadPoolExecutor.runWorker(ThreadPoolExecutor.java:1136)
at java.base/java.util.concurrent.ThreadPoolExecutor$Worker.run(ThreadPoolExecutor.java:635)
at java.base/java.lang.Thread.run(Thread.java:833)
]]>
            </full-stacktrace>
          </exception> <!-- org.testng.SkipException -->
          <reporter-output>
          </reporter-output>
        </test-method> <!-- createGoldInvoice -->
        <test-method signature="createGoldInvoice(java.util.Hashtable)[pri:0, instance:com.simplogics.testcases.CreateGoldInvoice@79da1ec0]" started-at="2022-04-01T13:16:21 IST" name="createGoldInvoice" data-provider="dp" finished-at="2022-04-01T13:16:21 IST" duration-ms="1" status="SKIP">
          <params>
            <param index="0">
              <value>
                <![CDATA[{Note=For Aspial, Billing Supplier: AMTC, WMCP=500, PrimarysupplierSarchbox=A'S JEWELRY, billingsupplierSarchbox=AMTC, TotalQtytextfield=25, runmode=N, DocReftextfield=IG_0025, totalgold=25000, billingSupCountry=Singapore, TotalWttextfield=250, primarySupCountry=Singapore, goldloss=2.5}]]>
              </value>
            </param>
          </params>
          <exception class="org.testng.SkipException">
            <message>
              <![CDATA[Skipping the test case as the Run mode for data set is NO]]>
            </message>
            <full-stacktrace>
              <![CDATA[org.testng.SkipException: Skipping the test case as the Run mode for data set is NO
at com.simplogics.testcases.CreateGoldInvoice.createGoldInvoice(CreateGoldInvoice.java:24)
at java.base/jdk.internal.reflect.NativeMethodAccessorImpl.invoke0(Native Method)
at java.base/jdk.internal.reflect.NativeMethodAccessorImpl.invoke(NativeMethodAccessorImpl.java:77)
at java.base/jdk.internal.reflect.DelegatingMethodAccessorImpl.invoke(DelegatingMethodAccessorImpl.java:43)
at java.base/java.lang.reflect.Method.invoke(Method.java:568)
at org.testng.internal.MethodInvocationHelper.invokeMethod(MethodInvocationHelper.java:133)
at org.testng.internal.TestInvoker.invokeMethod(TestInvoker.java:598)
at org.testng.internal.TestInvoker.invokeTestMethod(TestInvoker.java:173)
at org.testng.internal.MethodRunner.runInSequence(MethodRunner.java:46)
at org.testng.internal.TestInvoker$MethodInvocationAgent.invoke(TestInvoker.java:824)
at org.testng.internal.TestInvoker.invokeTestMethods(TestInvoker.java:146)
at org.testng.internal.TestMethodWorker.invokeTestMethods(TestMethodWorker.java:146)
at org.testng.internal.TestMethodWorker.run(TestMethodWorker.java:128)
at java.base/java.util.concurrent.ThreadPoolExecutor.runWorker(ThreadPoolExecutor.java:1136)
at java.base/java.util.concurrent.ThreadPoolExecutor$Worker.run(ThreadPoolExecutor.java:635)
at java.base/java.lang.Thread.run(Thread.java:833)
]]>
            </full-stacktrace>
          </exception> <!-- org.testng.SkipException -->
          <reporter-output>
          </reporter-output>
        </test-method> <!-- createGoldInvoice -->
      </class> <!-- com.simplogics.testcases.CreateGoldInvoice -->
    </test> <!-- CreateGoldInvoice -->
    <test started-at="2022-04-01T13:16:21 IST" name="AddInvoiceGoldDetails" finished-at="2022-04-01T13:16:21 IST" duration-ms="20">
      <class name="com.simplogics.testcases.AddInvoiceGoldDetails">
        <test-method signature="AddinvoiceGoldDetails(java.util.Hashtable)[pri:0, instance:com.simplogics.testcases.AddInvoiceGoldDetails@66ce957f]" started-at="2022-04-01T13:16:21 IST" name="AddinvoiceGoldDetails" data-provider="dp" finished-at="2022-04-01T13:16:21 IST" duration-ms="1" status="SKIP">
          <params>
            <param index="0">
              <value>
                <![CDATA[{Version=2, Quantity=12, PurchasedBy=Piece, WMCPPerPiece=20.0, Config=6, Model=40563, InvoiceCost=12240.0, SellingPriceMarkup=20.0, SupplierPatternCode=1, InvoiceWeight=120, WMCPPerGram=2.0}]]>
              </value>
            </param>
          </params>
          <exception class="org.testng.SkipException">
            <message>
              <![CDATA[Skipping the test ADDINVOICEGOLDDETAILSas the Run mode is NO]]>
            </message>
            <full-stacktrace>
              <![CDATA[org.testng.SkipException: Skipping the test ADDINVOICEGOLDDETAILSas the Run mode is NO
at com.simplogics.testcases.AddInvoiceGoldDetails.AddinvoiceGoldDetails(AddInvoiceGoldDetails.java:21)
at java.base/jdk.internal.reflect.NativeMethodAccessorImpl.invoke0(Native Method)
at java.base/jdk.internal.reflect.NativeMethodAccessorImpl.invoke(NativeMethodAccessorImpl.java:77)
at java.base/jdk.internal.reflect.DelegatingMethodAccessorImpl.invoke(DelegatingMethodAccessorImpl.java:43)
at java.base/java.lang.reflect.Method.invoke(Method.java:568)
at org.testng.internal.MethodInvocationHelper.invokeMethod(MethodInvocationHelper.java:133)
at org.testng.internal.TestInvoker.invokeMethod(TestInvoker.java:598)
at org.testng.internal.TestInvoker.invokeTestMethod(TestInvoker.java:173)
at org.testng.internal.MethodRunner.runInSequence(MethodRunner.java:46)
at org.testng.internal.TestInvoker$MethodInvocationAgent.invoke(TestInvoker.java:824)
at org.testng.internal.TestInvoker.invokeTestMethods(TestInvoker.java:146)
at org.testng.internal.TestMethodWorker.invokeTestMethods(TestMethodWorker.java:146)
at org.testng.internal.TestMethodWorker.run(TestMethodWorker.java:128)
at java.base/java.util.concurrent.ThreadPoolExecutor.runWorker(ThreadPoolExecutor.java:1136)
at java.base/java.util.concurrent.ThreadPoolExecutor$Worker.run(ThreadPoolExecutor.java:635)
at java.base/java.lang.Thread.run(Thread.java:833)
]]>
            </full-stacktrace>
          </exception> <!-- org.testng.SkipException -->
          <reporter-output>
          </reporter-output>
        </test-method> <!-- AddinvoiceGoldDetails -->
        <test-method signature="AddinvoiceGoldDetails(java.util.Hashtable)[pri:0, instance:com.simplogics.testcases.AddInvoiceGoldDetails@66ce957f]" started-at="2022-04-01T13:16:21 IST" name="AddinvoiceGoldDetails" data-provider="dp" finished-at="2022-04-01T13:16:21 IST" duration-ms="1" status="SKIP">
          <params>
            <param index="0">
              <value>
                <![CDATA[{Version=2, Quantity=8, PurchasedBy=Piece, WMCPPerPiece=20.0, Config=6, Model=40563, InvoiceCost=8160.0, SellingPriceMarkup=20.0, SupplierPatternCode=2, InvoiceWeight=80, WMCPPerGram=2.0}]]>
              </value>
            </param>
          </params>
          <exception class="org.testng.SkipException">
            <message>
              <![CDATA[Skipping the test ADDINVOICEGOLDDETAILSas the Run mode is NO]]>
            </message>
            <full-stacktrace>
              <![CDATA[org.testng.SkipException: Skipping the test ADDINVOICEGOLDDETAILSas the Run mode is NO
at com.simplogics.testcases.AddInvoiceGoldDetails.AddinvoiceGoldDetails(AddInvoiceGoldDetails.java:21)
at java.base/jdk.internal.reflect.NativeMethodAccessorImpl.invoke0(Native Method)
at java.base/jdk.internal.reflect.NativeMethodAccessorImpl.invoke(NativeMethodAccessorImpl.java:77)
at java.base/jdk.internal.reflect.DelegatingMethodAccessorImpl.invoke(DelegatingMethodAccessorImpl.java:43)
at java.base/java.lang.reflect.Method.invoke(Method.java:568)
at org.testng.internal.MethodInvocationHelper.invokeMethod(MethodInvocationHelper.java:133)
at org.testng.internal.TestInvoker.invokeMethod(TestInvoker.java:598)
at org.testng.internal.TestInvoker.invokeTestMethod(TestInvoker.java:173)
at org.testng.internal.MethodRunner.runInSequence(MethodRunner.java:46)
at org.testng.internal.TestInvoker$MethodInvocationAgent.invoke(TestInvoker.java:824)
at org.testng.internal.TestInvoker.invokeTestMethods(TestInvoker.java:146)
at org.testng.internal.TestMethodWorker.invokeTestMethods(TestMethodWorker.java:146)
at org.testng.internal.TestMethodWorker.run(TestMethodWorker.java:128)
at java.base/java.util.concurrent.ThreadPoolExecutor.runWorker(ThreadPoolExecutor.java:1136)
at java.base/java.util.concurrent.ThreadPoolExecutor$Worker.run(ThreadPoolExecutor.java:635)
at java.base/java.lang.Thread.run(Thread.java:833)
]]>
            </full-stacktrace>
          </exception> <!-- org.testng.SkipException -->
          <reporter-output>
          </reporter-output>
        </test-method> <!-- AddinvoiceGoldDetails -->
        <test-method signature="AddinvoiceGoldDetails(java.util.Hashtable)[pri:0, instance:com.simplogics.testcases.AddInvoiceGoldDetails@66ce957f]" started-at="2022-04-01T13:16:21 IST" name="AddinvoiceGoldDetails" data-provider="dp" finished-at="2022-04-01T13:16:21 IST" duration-ms="0" status="SKIP">
          <params>
            <param index="0">
              <value>
                <![CDATA[{Version=2, Quantity=5, PurchasedBy=Piece, WMCPPerPiece=20.0, Config=6, Model=40563, InvoiceCost=5100.0, SellingPriceMarkup=20.0, SupplierPatternCode=3, InvoiceWeight=50, WMCPPerGram=2.0}]]>
              </value>
            </param>
          </params>
          <exception class="org.testng.SkipException">
            <message>
              <![CDATA[Skipping the test ADDINVOICEGOLDDETAILSas the Run mode is NO]]>
            </message>
            <full-stacktrace>
              <![CDATA[org.testng.SkipException: Skipping the test ADDINVOICEGOLDDETAILSas the Run mode is NO
at com.simplogics.testcases.AddInvoiceGoldDetails.AddinvoiceGoldDetails(AddInvoiceGoldDetails.java:21)
at java.base/jdk.internal.reflect.NativeMethodAccessorImpl.invoke0(Native Method)
at java.base/jdk.internal.reflect.NativeMethodAccessorImpl.invoke(NativeMethodAccessorImpl.java:77)
at java.base/jdk.internal.reflect.DelegatingMethodAccessorImpl.invoke(DelegatingMethodAccessorImpl.java:43)
at java.base/java.lang.reflect.Method.invoke(Method.java:568)
at org.testng.internal.MethodInvocationHelper.invokeMethod(MethodInvocationHelper.java:133)
at org.testng.internal.TestInvoker.invokeMethod(TestInvoker.java:598)
at org.testng.internal.TestInvoker.invokeTestMethod(TestInvoker.java:173)
at org.testng.internal.MethodRunner.runInSequence(MethodRunner.java:46)
at org.testng.internal.TestInvoker$MethodInvocationAgent.invoke(TestInvoker.java:824)
at org.testng.internal.TestInvoker.invokeTestMethods(TestInvoker.java:146)
at org.testng.internal.TestMethodWorker.invokeTestMethods(TestMethodWorker.java:146)
at org.testng.internal.TestMethodWorker.run(TestMethodWorker.java:128)
at java.base/java.util.concurrent.ThreadPoolExecutor.runWorker(ThreadPoolExecutor.java:1136)
at java.base/java.util.concurrent.ThreadPoolExecutor$Worker.run(ThreadPoolExecutor.java:635)
at java.base/java.lang.Thread.run(Thread.java:833)
]]>
            </full-stacktrace>
          </exception> <!-- org.testng.SkipException -->
          <reporter-output>
          </reporter-output>
        </test-method> <!-- AddinvoiceGoldDetails -->
      </class> <!-- com.simplogics.testcases.AddInvoiceGoldDetails -->
    </test> <!-- AddInvoiceGoldDetails -->
    <test started-at="2022-04-01T13:16:21 IST" name="CreateJewelleryInvoice" finished-at="2022-04-01T13:16:21 IST" duration-ms="6">
      <class name="com.simplogics.testcases.CreateJewelleryInvoice">
        <test-method signature="CreatejewelleryInvoice(java.util.Hashtable)[pri:0, instance:com.simplogics.testcases.CreateJewelleryInvoice@3b220bcb]" started-at="2022-04-01T13:16:21 IST" name="CreatejewelleryInvoice" data-provider="dp" finished-at="2022-04-01T13:16:21 IST" duration-ms="1" status="SKIP">
          <params>
            <param index="0">
              <value>
                <![CDATA[{Note=For maxi-cash, Billing Supplier: ARCADE PTE LTD, WMCP=500, ExchangeRate=4, PrimarysupplierSarchbox=A'S JEWELRY, billingsupplierSarchbox=ARCADE PTE LTD, TotalQtytextfield=25, runmode=Y, DocReftextfield=IJ_038, totalgold=25000, billingSupCountry=Singapore, TotalWttextfield=250, primarySupCountry=Singapore}]]>
              </value>
            </param>
          </params>
          <exception class="org.testng.SkipException">
            <message>
              <![CDATA[Skipping the test CREATEJEWELLERYINVOICEas the Run mode is NO]]>
            </message>
            <full-stacktrace>
              <![CDATA[org.testng.SkipException: Skipping the test CREATEJEWELLERYINVOICEas the Run mode is NO
at com.simplogics.testcases.CreateJewelleryInvoice.CreatejewelleryInvoice(CreateJewelleryInvoice.java:22)
at java.base/jdk.internal.reflect.NativeMethodAccessorImpl.invoke0(Native Method)
at java.base/jdk.internal.reflect.NativeMethodAccessorImpl.invoke(NativeMethodAccessorImpl.java:77)
at java.base/jdk.internal.reflect.DelegatingMethodAccessorImpl.invoke(DelegatingMethodAccessorImpl.java:43)
at java.base/java.lang.reflect.Method.invoke(Method.java:568)
at org.testng.internal.MethodInvocationHelper.invokeMethod(MethodInvocationHelper.java:133)
at org.testng.internal.TestInvoker.invokeMethod(TestInvoker.java:598)
at org.testng.internal.TestInvoker.invokeTestMethod(TestInvoker.java:173)
at org.testng.internal.MethodRunner.runInSequence(MethodRunner.java:46)
at org.testng.internal.TestInvoker$MethodInvocationAgent.invoke(TestInvoker.java:824)
at org.testng.internal.TestInvoker.invokeTestMethods(TestInvoker.java:146)
at org.testng.internal.TestMethodWorker.invokeTestMethods(TestMethodWorker.java:146)
at org.testng.internal.TestMethodWorker.run(TestMethodWorker.java:128)
at java.base/java.util.concurrent.ThreadPoolExecutor.runWorker(ThreadPoolExecutor.java:1136)
at java.base/java.util.concurrent.ThreadPoolExecutor$Worker.run(ThreadPoolExecutor.java:635)
at java.base/java.lang.Thread.run(Thread.java:833)
]]>
            </full-stacktrace>
          </exception> <!-- org.testng.SkipException -->
          <reporter-output>
          </reporter-output>
        </test-method> <!-- CreatejewelleryInvoice -->
        <test-method signature="CreatejewelleryInvoice(java.util.Hashtable)[pri:0, instance:com.simplogics.testcases.CreateJewelleryInvoice@3b220bcb]" started-at="2022-04-01T13:16:21 IST" name="CreatejewelleryInvoice" data-provider="dp" finished-at="2022-04-01T13:16:21 IST" duration-ms="1" status="SKIP">
          <params>
            <param index="0">
              <value>
                <![CDATA[{Note=For Aspial, Billing Supplier: AMTC, WMCP=6706.80, ExchangeRate=4, PrimarysupplierSarchbox=A'S JEWELRY, billingsupplierSarchbox=AMTC, TotalQtytextfield=1870, runmode=N, DocReftextfield=SV_M5, totalgold=117664.20, billingSupCountry=Singapore, TotalWttextfield=3353.40, primarySupCountry=Singapore}]]>
              </value>
            </param>
          </params>
          <exception class="org.testng.SkipException">
            <message>
              <![CDATA[Skipping the test CREATEJEWELLERYINVOICEas the Run mode is NO]]>
            </message>
            <full-stacktrace>
              <![CDATA[org.testng.SkipException: Skipping the test CREATEJEWELLERYINVOICEas the Run mode is NO
at com.simplogics.testcases.CreateJewelleryInvoice.CreatejewelleryInvoice(CreateJewelleryInvoice.java:22)
at java.base/jdk.internal.reflect.NativeMethodAccessorImpl.invoke0(Native Method)
at java.base/jdk.internal.reflect.NativeMethodAccessorImpl.invoke(NativeMethodAccessorImpl.java:77)
at java.base/jdk.internal.reflect.DelegatingMethodAccessorImpl.invoke(DelegatingMethodAccessorImpl.java:43)
at java.base/java.lang.reflect.Method.invoke(Method.java:568)
at org.testng.internal.MethodInvocationHelper.invokeMethod(MethodInvocationHelper.java:133)
at org.testng.internal.TestInvoker.invokeMethod(TestInvoker.java:598)
at org.testng.internal.TestInvoker.invokeTestMethod(TestInvoker.java:173)
at org.testng.internal.MethodRunner.runInSequence(MethodRunner.java:46)
at org.testng.internal.TestInvoker$MethodInvocationAgent.invoke(TestInvoker.java:824)
at org.testng.internal.TestInvoker.invokeTestMethods(TestInvoker.java:146)
at org.testng.internal.TestMethodWorker.invokeTestMethods(TestMethodWorker.java:146)
at org.testng.internal.TestMethodWorker.run(TestMethodWorker.java:128)
at java.base/java.util.concurrent.ThreadPoolExecutor.runWorker(ThreadPoolExecutor.java:1136)
at java.base/java.util.concurrent.ThreadPoolExecutor$Worker.run(ThreadPoolExecutor.java:635)
at java.base/java.lang.Thread.run(Thread.java:833)
]]>
            </full-stacktrace>
          </exception> <!-- org.testng.SkipException -->
          <reporter-output>
          </reporter-output>
        </test-method> <!-- CreatejewelleryInvoice -->
        <test-method signature="CreatejewelleryInvoice(java.util.Hashtable)[pri:0, instance:com.simplogics.testcases.CreateJewelleryInvoice@3b220bcb]" started-at="2022-04-01T13:16:21 IST" name="CreatejewelleryInvoice" data-provider="dp" finished-at="2022-04-01T13:16:21 IST" duration-ms="1" status="SKIP">
          <params>
            <param index="0">
              <value>
                <![CDATA[{Note=, WMCP=500, ExchangeRate=4, PrimarysupplierSarchbox=A'S JEWELRY, billingsupplierSarchbox=AMTC, TotalQtytextfield=25, runmode=N, DocReftextfield=IJ_024, totalgold=25000, billingSupCountry=Singapore, TotalWttextfield=250, primarySupCountry=Singapore}]]>
              </value>
            </param>
          </params>
          <exception class="org.testng.SkipException">
            <message>
              <![CDATA[Skipping the test CREATEJEWELLERYINVOICEas the Run mode is NO]]>
            </message>
            <full-stacktrace>
              <![CDATA[org.testng.SkipException: Skipping the test CREATEJEWELLERYINVOICEas the Run mode is NO
at com.simplogics.testcases.CreateJewelleryInvoice.CreatejewelleryInvoice(CreateJewelleryInvoice.java:22)
at java.base/jdk.internal.reflect.NativeMethodAccessorImpl.invoke0(Native Method)
at java.base/jdk.internal.reflect.NativeMethodAccessorImpl.invoke(NativeMethodAccessorImpl.java:77)
at java.base/jdk.internal.reflect.DelegatingMethodAccessorImpl.invoke(DelegatingMethodAccessorImpl.java:43)
at java.base/java.lang.reflect.Method.invoke(Method.java:568)
at org.testng.internal.MethodInvocationHelper.invokeMethod(MethodInvocationHelper.java:133)
at org.testng.internal.TestInvoker.invokeMethod(TestInvoker.java:598)
at org.testng.internal.TestInvoker.invokeTestMethod(TestInvoker.java:173)
at org.testng.internal.MethodRunner.runInSequence(MethodRunner.java:46)
at org.testng.internal.TestInvoker$MethodInvocationAgent.invoke(TestInvoker.java:824)
at org.testng.internal.TestInvoker.invokeTestMethods(TestInvoker.java:146)
at org.testng.internal.TestMethodWorker.invokeTestMethods(TestMethodWorker.java:146)
at org.testng.internal.TestMethodWorker.run(TestMethodWorker.java:128)
at java.base/java.util.concurrent.ThreadPoolExecutor.runWorker(ThreadPoolExecutor.java:1136)
at java.base/java.util.concurrent.ThreadPoolExecutor$Worker.run(ThreadPoolExecutor.java:635)
at java.base/java.lang.Thread.run(Thread.java:833)
]]>
            </full-stacktrace>
          </exception> <!-- org.testng.SkipException -->
          <reporter-output>
          </reporter-output>
        </test-method> <!-- CreatejewelleryInvoice -->
      </class> <!-- com.simplogics.testcases.CreateJewelleryInvoice -->
    </test> <!-- CreateJewelleryInvoice -->
    <test started-at="2022-04-01T13:16:21 IST" name="AddInvoiceJewelleryDetails" finished-at="2022-04-01T13:16:21 IST" duration-ms="9">
      <class name="com.simplogics.testcases.AddInvoiceJewelleryDetails">
        <test-method signature="AddInvoicejewelleryDetails(java.util.Hashtable)[pri:0, instance:com.simplogics.testcases.AddInvoiceJewelleryDetails@3f053c80]" started-at="2022-04-01T13:16:21 IST" name="AddInvoicejewelleryDetails" data-provider="dp" finished-at="2022-04-01T13:16:21 IST" duration-ms="1" status="SKIP">
          <params>
            <param index="0">
              <value>
                <![CDATA[{Version=1, Quantity=12, PurchasedBy=Piece, WMCPPerPiece=20, Config=32, Model=10605, InvoiceCost=12240, SellingPriceMarkup=20, SupplierPatternCode=1, InvoiceWeight=120, WMCPPerGram=2}]]>
              </value>
            </param>
          </params>
          <exception class="org.testng.SkipException">
            <message>
              <![CDATA[Skipping the test ADDINVOICEJEWELLERYDETAILSas the Run mode is NO]]>
            </message>
            <full-stacktrace>
              <![CDATA[org.testng.SkipException: Skipping the test ADDINVOICEJEWELLERYDETAILSas the Run mode is NO
at com.simplogics.testcases.AddInvoiceJewelleryDetails.AddInvoicejewelleryDetails(AddInvoiceJewelleryDetails.java:21)
at java.base/jdk.internal.reflect.NativeMethodAccessorImpl.invoke0(Native Method)
at java.base/jdk.internal.reflect.NativeMethodAccessorImpl.invoke(NativeMethodAccessorImpl.java:77)
at java.base/jdk.internal.reflect.DelegatingMethodAccessorImpl.invoke(DelegatingMethodAccessorImpl.java:43)
at java.base/java.lang.reflect.Method.invoke(Method.java:568)
at org.testng.internal.MethodInvocationHelper.invokeMethod(MethodInvocationHelper.java:133)
at org.testng.internal.TestInvoker.invokeMethod(TestInvoker.java:598)
at org.testng.internal.TestInvoker.invokeTestMethod(TestInvoker.java:173)
at org.testng.internal.MethodRunner.runInSequence(MethodRunner.java:46)
at org.testng.internal.TestInvoker$MethodInvocationAgent.invoke(TestInvoker.java:824)
at org.testng.internal.TestInvoker.invokeTestMethods(TestInvoker.java:146)
at org.testng.internal.TestMethodWorker.invokeTestMethods(TestMethodWorker.java:146)
at org.testng.internal.TestMethodWorker.run(TestMethodWorker.java:128)
at java.base/java.util.concurrent.ThreadPoolExecutor.runWorker(ThreadPoolExecutor.java:1136)
at java.base/java.util.concurrent.ThreadPoolExecutor$Worker.run(ThreadPoolExecutor.java:635)
at java.base/java.lang.Thread.run(Thread.java:833)
]]>
            </full-stacktrace>
          </exception> <!-- org.testng.SkipException -->
          <reporter-output>
          </reporter-output>
        </test-method> <!-- AddInvoicejewelleryDetails -->
        <test-method signature="AddInvoicejewelleryDetails(java.util.Hashtable)[pri:0, instance:com.simplogics.testcases.AddInvoiceJewelleryDetails@3f053c80]" started-at="2022-04-01T13:16:21 IST" name="AddInvoicejewelleryDetails" data-provider="dp" finished-at="2022-04-01T13:16:21 IST" duration-ms="0" status="SKIP">
          <params>
            <param index="0">
              <value>
                <![CDATA[{Version=1, Quantity=8, PurchasedBy=Piece, WMCPPerPiece=20, Config=32, Model=10605, InvoiceCost=8160, SellingPriceMarkup=20, SupplierPatternCode=2, InvoiceWeight=80, WMCPPerGram=2}]]>
              </value>
            </param>
          </params>
          <exception class="org.testng.SkipException">
            <message>
              <![CDATA[Skipping the test ADDINVOICEJEWELLERYDETAILSas the Run mode is NO]]>
            </message>
            <full-stacktrace>
              <![CDATA[org.testng.SkipException: Skipping the test ADDINVOICEJEWELLERYDETAILSas the Run mode is NO
at com.simplogics.testcases.AddInvoiceJewelleryDetails.AddInvoicejewelleryDetails(AddInvoiceJewelleryDetails.java:21)
at java.base/jdk.internal.reflect.NativeMethodAccessorImpl.invoke0(Native Method)
at java.base/jdk.internal.reflect.NativeMethodAccessorImpl.invoke(NativeMethodAccessorImpl.java:77)
at java.base/jdk.internal.reflect.DelegatingMethodAccessorImpl.invoke(DelegatingMethodAccessorImpl.java:43)
at java.base/java.lang.reflect.Method.invoke(Method.java:568)
at org.testng.internal.MethodInvocationHelper.invokeMethod(MethodInvocationHelper.java:133)
at org.testng.internal.TestInvoker.invokeMethod(TestInvoker.java:598)
at org.testng.internal.TestInvoker.invokeTestMethod(TestInvoker.java:173)
at org.testng.internal.MethodRunner.runInSequence(MethodRunner.java:46)
at org.testng.internal.TestInvoker$MethodInvocationAgent.invoke(TestInvoker.java:824)
at org.testng.internal.TestInvoker.invokeTestMethods(TestInvoker.java:146)
at org.testng.internal.TestMethodWorker.invokeTestMethods(TestMethodWorker.java:146)
at org.testng.internal.TestMethodWorker.run(TestMethodWorker.java:128)
at java.base/java.util.concurrent.ThreadPoolExecutor.runWorker(ThreadPoolExecutor.java:1136)
at java.base/java.util.concurrent.ThreadPoolExecutor$Worker.run(ThreadPoolExecutor.java:635)
at java.base/java.lang.Thread.run(Thread.java:833)
]]>
            </full-stacktrace>
          </exception> <!-- org.testng.SkipException -->
          <reporter-output>
          </reporter-output>
        </test-method> <!-- AddInvoicejewelleryDetails -->
        <test-method signature="AddInvoicejewelleryDetails(java.util.Hashtable)[pri:0, instance:com.simplogics.testcases.AddInvoiceJewelleryDetails@3f053c80]" started-at="2022-04-01T13:16:21 IST" name="AddInvoicejewelleryDetails" data-provider="dp" finished-at="2022-04-01T13:16:21 IST" duration-ms="1" status="SKIP">
          <params>
            <param index="0">
              <value>
                <![CDATA[{Version=1, Quantity=5, PurchasedBy=Piece, WMCPPerPiece=20, Config=32, Model=10605, InvoiceCost=5100, SellingPriceMarkup=20, SupplierPatternCode=3, InvoiceWeight=50, WMCPPerGram=2}]]>
              </value>
            </param>
          </params>
          <exception class="org.testng.SkipException">
            <message>
              <![CDATA[Skipping the test ADDINVOICEJEWELLERYDETAILSas the Run mode is NO]]>
            </message>
            <full-stacktrace>
              <![CDATA[org.testng.SkipException: Skipping the test ADDINVOICEJEWELLERYDETAILSas the Run mode is NO
at com.simplogics.testcases.AddInvoiceJewelleryDetails.AddInvoicejewelleryDetails(AddInvoiceJewelleryDetails.java:21)
at java.base/jdk.internal.reflect.NativeMethodAccessorImpl.invoke0(Native Method)
at java.base/jdk.internal.reflect.NativeMethodAccessorImpl.invoke(NativeMethodAccessorImpl.java:77)
at java.base/jdk.internal.reflect.DelegatingMethodAccessorImpl.invoke(DelegatingMethodAccessorImpl.java:43)
at java.base/java.lang.reflect.Method.invoke(Method.java:568)
at org.testng.internal.MethodInvocationHelper.invokeMethod(MethodInvocationHelper.java:133)
at org.testng.internal.TestInvoker.invokeMethod(TestInvoker.java:598)
at org.testng.internal.TestInvoker.invokeTestMethod(TestInvoker.java:173)
at org.testng.internal.MethodRunner.runInSequence(MethodRunner.java:46)
at org.testng.internal.TestInvoker$MethodInvocationAgent.invoke(TestInvoker.java:824)
at org.testng.internal.TestInvoker.invokeTestMethods(TestInvoker.java:146)
at org.testng.internal.TestMethodWorker.invokeTestMethods(TestMethodWorker.java:146)
at org.testng.internal.TestMethodWorker.run(TestMethodWorker.java:128)
at java.base/java.util.concurrent.ThreadPoolExecutor.runWorker(ThreadPoolExecutor.java:1136)
at java.base/java.util.concurrent.ThreadPoolExecutor$Worker.run(ThreadPoolExecutor.java:635)
at java.base/java.lang.Thread.run(Thread.java:833)
]]>
            </full-stacktrace>
          </exception> <!-- org.testng.SkipException -->
          <reporter-output>
          </reporter-output>
        </test-method> <!-- AddInvoicejewelleryDetails -->
      </class> <!-- com.simplogics.testcases.AddInvoiceJewelleryDetails -->
    </test> <!-- AddInvoiceJewelleryDetails -->
    <test started-at="2022-04-01T13:16:21 IST" name="CreateBagInvoice" finished-at="2022-04-01T13:16:21 IST" duration-ms="9">
      <class name="com.simplogics.testcases.CreateBagInvoice">
        <test-method signature="createbaginvoice(java.util.Hashtable)[pri:0, instance:com.simplogics.testcases.CreateBagInvoice@3b956878]" started-at="2022-04-01T13:16:21 IST" name="createbaginvoice" data-provider="dp" finished-at="2022-04-01T13:16:21 IST" duration-ms="1" status="SKIP">
          <params>
            <param index="0">
              <value>
                <![CDATA[{InvoiceCurrencytextfield=25500, PrimarysupplierSarchbox=A'S JEWELRY, billingsupplierSarchbox=AMTC, TotalQtytextfield=25, runmode=N, DocReftextfield=IB-002, billingSupCountry=Singapore, TotalWttextfield=250, primarySupCountry=Singapore}]]>
              </value>
            </param>
          </params>
          <exception class="org.testng.SkipException">
            <message>
              <![CDATA[Skipping the test CREATEBAGINVOICEas the Run mode is NO]]>
            </message>
            <full-stacktrace>
              <![CDATA[org.testng.SkipException: Skipping the test CREATEBAGINVOICEas the Run mode is NO
at com.simplogics.testcases.CreateBagInvoice.createbaginvoice(CreateBagInvoice.java:23)
at java.base/jdk.internal.reflect.NativeMethodAccessorImpl.invoke0(Native Method)
at java.base/jdk.internal.reflect.NativeMethodAccessorImpl.invoke(NativeMethodAccessorImpl.java:77)
at java.base/jdk.internal.reflect.DelegatingMethodAccessorImpl.invoke(DelegatingMethodAccessorImpl.java:43)
at java.base/java.lang.reflect.Method.invoke(Method.java:568)
at org.testng.internal.MethodInvocationHelper.invokeMethod(MethodInvocationHelper.java:133)
at org.testng.internal.TestInvoker.invokeMethod(TestInvoker.java:598)
at org.testng.internal.TestInvoker.invokeTestMethod(TestInvoker.java:173)
at org.testng.internal.MethodRunner.runInSequence(MethodRunner.java:46)
at org.testng.internal.TestInvoker$MethodInvocationAgent.invoke(TestInvoker.java:824)
at org.testng.internal.TestInvoker.invokeTestMethods(TestInvoker.java:146)
at org.testng.internal.TestMethodWorker.invokeTestMethods(TestMethodWorker.java:146)
at org.testng.internal.TestMethodWorker.run(TestMethodWorker.java:128)
at java.base/java.util.concurrent.ThreadPoolExecutor.runWorker(ThreadPoolExecutor.java:1136)
at java.base/java.util.concurrent.ThreadPoolExecutor$Worker.run(ThreadPoolExecutor.java:635)
at java.base/java.lang.Thread.run(Thread.java:833)
]]>
            </full-stacktrace>
          </exception> <!-- org.testng.SkipException -->
          <reporter-output>
          </reporter-output>
        </test-method> <!-- createbaginvoice -->
        <test-method signature="createbaginvoice(java.util.Hashtable)[pri:0, instance:com.simplogics.testcases.CreateBagInvoice@3b956878]" started-at="2022-04-01T13:16:21 IST" name="createbaginvoice" data-provider="dp" finished-at="2022-04-01T13:16:21 IST" duration-ms="1" status="SKIP">
          <params>
            <param index="0">
              <value>
                <![CDATA[{InvoiceCurrencytextfield=25500, PrimarysupplierSarchbox=A'S JEWELRY, billingsupplierSarchbox=ARCADE PTE LTD, TotalQtytextfield=25, runmode=Y, DocReftextfield=IB-023, billingSupCountry=Singapore, TotalWttextfield=250, primarySupCountry=Singapore}]]>
              </value>
            </param>
          </params>
          <exception class="org.testng.SkipException">
            <message>
              <![CDATA[Skipping the test CREATEBAGINVOICEas the Run mode is NO]]>
            </message>
            <full-stacktrace>
              <![CDATA[org.testng.SkipException: Skipping the test CREATEBAGINVOICEas the Run mode is NO
at com.simplogics.testcases.CreateBagInvoice.createbaginvoice(CreateBagInvoice.java:23)
at java.base/jdk.internal.reflect.NativeMethodAccessorImpl.invoke0(Native Method)
at java.base/jdk.internal.reflect.NativeMethodAccessorImpl.invoke(NativeMethodAccessorImpl.java:77)
at java.base/jdk.internal.reflect.DelegatingMethodAccessorImpl.invoke(DelegatingMethodAccessorImpl.java:43)
at java.base/java.lang.reflect.Method.invoke(Method.java:568)
at org.testng.internal.MethodInvocationHelper.invokeMethod(MethodInvocationHelper.java:133)
at org.testng.internal.TestInvoker.invokeMethod(TestInvoker.java:598)
at org.testng.internal.TestInvoker.invokeTestMethod(TestInvoker.java:173)
at org.testng.internal.MethodRunner.runInSequence(MethodRunner.java:46)
at org.testng.internal.TestInvoker$MethodInvocationAgent.invoke(TestInvoker.java:824)
at org.testng.internal.TestInvoker.invokeTestMethods(TestInvoker.java:146)
at org.testng.internal.TestMethodWorker.invokeTestMethods(TestMethodWorker.java:146)
at org.testng.internal.TestMethodWorker.run(TestMethodWorker.java:128)
at java.base/java.util.concurrent.ThreadPoolExecutor.runWorker(ThreadPoolExecutor.java:1136)
at java.base/java.util.concurrent.ThreadPoolExecutor$Worker.run(ThreadPoolExecutor.java:635)
at java.base/java.lang.Thread.run(Thread.java:833)
]]>
            </full-stacktrace>
          </exception> <!-- org.testng.SkipException -->
          <reporter-output>
          </reporter-output>
        </test-method> <!-- createbaginvoice -->
      </class> <!-- com.simplogics.testcases.CreateBagInvoice -->
    </test> <!-- CreateBagInvoice -->
    <test started-at="2022-04-01T13:16:21 IST" name="AddInvoiceBagDetails" finished-at="2022-04-01T13:16:21 IST" duration-ms="11">
      <class name="com.simplogics.testcases.AddInvoiceBagDetails">
        <test-method signature="addInvoiceBagDetails(java.util.Hashtable)[pri:0, instance:com.simplogics.testcases.AddInvoiceBagDetails@2ece4966]" started-at="2022-04-01T13:16:21 IST" name="addInvoiceBagDetails" data-provider="dp" finished-at="2022-04-01T13:16:21 IST" duration-ms="2" status="SKIP">
          <params>
            <param index="0">
              <value>
                <![CDATA[{Version=1, Quantity=12, PurchasedBy=Piece, Config=0, Model=91990, InvoiceCost=12240, SellingPriceMarkup=20, SupplierPatternCode=1, InvoiceWeight=120}]]>
              </value>
            </param>
          </params>
          <exception class="org.testng.SkipException">
            <message>
              <![CDATA[Skipping the test ADDINVOICEBAGDETAILSas the Run mode is NO]]>
            </message>
            <full-stacktrace>
              <![CDATA[org.testng.SkipException: Skipping the test ADDINVOICEBAGDETAILSas the Run mode is NO
at com.simplogics.testcases.AddInvoiceBagDetails.addInvoiceBagDetails(AddInvoiceBagDetails.java:22)
at java.base/jdk.internal.reflect.NativeMethodAccessorImpl.invoke0(Native Method)
at java.base/jdk.internal.reflect.NativeMethodAccessorImpl.invoke(NativeMethodAccessorImpl.java:77)
at java.base/jdk.internal.reflect.DelegatingMethodAccessorImpl.invoke(DelegatingMethodAccessorImpl.java:43)
at java.base/java.lang.reflect.Method.invoke(Method.java:568)
at org.testng.internal.MethodInvocationHelper.invokeMethod(MethodInvocationHelper.java:133)
at org.testng.internal.TestInvoker.invokeMethod(TestInvoker.java:598)
at org.testng.internal.TestInvoker.invokeTestMethod(TestInvoker.java:173)
at org.testng.internal.MethodRunner.runInSequence(MethodRunner.java:46)
at org.testng.internal.TestInvoker$MethodInvocationAgent.invoke(TestInvoker.java:824)
at org.testng.internal.TestInvoker.invokeTestMethods(TestInvoker.java:146)
at org.testng.internal.TestMethodWorker.invokeTestMethods(TestMethodWorker.java:146)
at org.testng.internal.TestMethodWorker.run(TestMethodWorker.java:128)
at java.base/java.util.concurrent.ThreadPoolExecutor.runWorker(ThreadPoolExecutor.java:1136)
at java.base/java.util.concurrent.ThreadPoolExecutor$Worker.run(ThreadPoolExecutor.java:635)
at java.base/java.lang.Thread.run(Thread.java:833)
]]>
            </full-stacktrace>
          </exception> <!-- org.testng.SkipException -->
          <reporter-output>
          </reporter-output>
        </test-method> <!-- addInvoiceBagDetails -->
        <test-method signature="addInvoiceBagDetails(java.util.Hashtable)[pri:0, instance:com.simplogics.testcases.AddInvoiceBagDetails@2ece4966]" started-at="2022-04-01T13:16:21 IST" name="addInvoiceBagDetails" data-provider="dp" finished-at="2022-04-01T13:16:21 IST" duration-ms="2" status="SKIP">
          <params>
            <param index="0">
              <value>
                <![CDATA[{Version=1, Quantity=8, PurchasedBy=Piece, Config=0, Model=91990, InvoiceCost=8160, SellingPriceMarkup=20, SupplierPatternCode=2, InvoiceWeight=80}]]>
              </value>
            </param>
          </params>
          <exception class="org.testng.SkipException">
            <message>
              <![CDATA[Skipping the test ADDINVOICEBAGDETAILSas the Run mode is NO]]>
            </message>
            <full-stacktrace>
              <![CDATA[org.testng.SkipException: Skipping the test ADDINVOICEBAGDETAILSas the Run mode is NO
at com.simplogics.testcases.AddInvoiceBagDetails.addInvoiceBagDetails(AddInvoiceBagDetails.java:22)
at java.base/jdk.internal.reflect.NativeMethodAccessorImpl.invoke0(Native Method)
at java.base/jdk.internal.reflect.NativeMethodAccessorImpl.invoke(NativeMethodAccessorImpl.java:77)
at java.base/jdk.internal.reflect.DelegatingMethodAccessorImpl.invoke(DelegatingMethodAccessorImpl.java:43)
at java.base/java.lang.reflect.Method.invoke(Method.java:568)
at org.testng.internal.MethodInvocationHelper.invokeMethod(MethodInvocationHelper.java:133)
at org.testng.internal.TestInvoker.invokeMethod(TestInvoker.java:598)
at org.testng.internal.TestInvoker.invokeTestMethod(TestInvoker.java:173)
at org.testng.internal.MethodRunner.runInSequence(MethodRunner.java:46)
at org.testng.internal.TestInvoker$MethodInvocationAgent.invoke(TestInvoker.java:824)
at org.testng.internal.TestInvoker.invokeTestMethods(TestInvoker.java:146)
at org.testng.internal.TestMethodWorker.invokeTestMethods(TestMethodWorker.java:146)
at org.testng.internal.TestMethodWorker.run(TestMethodWorker.java:128)
at java.base/java.util.concurrent.ThreadPoolExecutor.runWorker(ThreadPoolExecutor.java:1136)
at java.base/java.util.concurrent.ThreadPoolExecutor$Worker.run(ThreadPoolExecutor.java:635)
at java.base/java.lang.Thread.run(Thread.java:833)
]]>
            </full-stacktrace>
          </exception> <!-- org.testng.SkipException -->
          <reporter-output>
          </reporter-output>
        </test-method> <!-- addInvoiceBagDetails -->
        <test-method signature="addInvoiceBagDetails(java.util.Hashtable)[pri:0, instance:com.simplogics.testcases.AddInvoiceBagDetails@2ece4966]" started-at="2022-04-01T13:16:21 IST" name="addInvoiceBagDetails" data-provider="dp" finished-at="2022-04-01T13:16:21 IST" duration-ms="0" status="SKIP">
          <params>
            <param index="0">
              <value>
                <![CDATA[{Version=1, Quantity=5, PurchasedBy=Piece, Config=0, Model=91990, InvoiceCost=5100, SellingPriceMarkup=20, SupplierPatternCode=3, InvoiceWeight=50}]]>
              </value>
            </param>
          </params>
          <exception class="org.testng.SkipException">
            <message>
              <![CDATA[Skipping the test ADDINVOICEBAGDETAILSas the Run mode is NO]]>
            </message>
            <full-stacktrace>
              <![CDATA[org.testng.SkipException: Skipping the test ADDINVOICEBAGDETAILSas the Run mode is NO
at com.simplogics.testcases.AddInvoiceBagDetails.addInvoiceBagDetails(AddInvoiceBagDetails.java:22)
at java.base/jdk.internal.reflect.NativeMethodAccessorImpl.invoke0(Native Method)
at java.base/jdk.internal.reflect.NativeMethodAccessorImpl.invoke(NativeMethodAccessorImpl.java:77)
at java.base/jdk.internal.reflect.DelegatingMethodAccessorImpl.invoke(DelegatingMethodAccessorImpl.java:43)
at java.base/java.lang.reflect.Method.invoke(Method.java:568)
at org.testng.internal.MethodInvocationHelper.invokeMethod(MethodInvocationHelper.java:133)
at org.testng.internal.TestInvoker.invokeMethod(TestInvoker.java:598)
at org.testng.internal.TestInvoker.invokeTestMethod(TestInvoker.java:173)
at org.testng.internal.MethodRunner.runInSequence(MethodRunner.java:46)
at org.testng.internal.TestInvoker$MethodInvocationAgent.invoke(TestInvoker.java:824)
at org.testng.internal.TestInvoker.invokeTestMethods(TestInvoker.java:146)
at org.testng.internal.TestMethodWorker.invokeTestMethods(TestMethodWorker.java:146)
at org.testng.internal.TestMethodWorker.run(TestMethodWorker.java:128)
at java.base/java.util.concurrent.ThreadPoolExecutor.runWorker(ThreadPoolExecutor.java:1136)
at java.base/java.util.concurrent.ThreadPoolExecutor$Worker.run(ThreadPoolExecutor.java:635)
at java.base/java.lang.Thread.run(Thread.java:833)
]]>
            </full-stacktrace>
          </exception> <!-- org.testng.SkipException -->
          <reporter-output>
          </reporter-output>
        </test-method> <!-- addInvoiceBagDetails -->
      </class> <!-- com.simplogics.testcases.AddInvoiceBagDetails -->
    </test> <!-- AddInvoiceBagDetails -->
    <test started-at="2022-04-01T13:16:21 IST" name="CreateWatchInvoice" finished-at="2022-04-01T13:16:21 IST" duration-ms="9">
      <class name="com.simplogics.testcases.CreateWatchInvoice">
        <test-method signature="createWatchInvoice(java.util.Hashtable)[pri:0, instance:com.simplogics.testcases.CreateWatchInvoice@5b11a194]" started-at="2022-04-01T13:16:21 IST" name="createWatchInvoice" data-provider="dp" finished-at="2022-04-01T13:16:21 IST" duration-ms="1" status="SKIP">
          <params>
            <param index="0">
              <value>
                <![CDATA[{Note=Test condition for aspial, InvoiceCurrencytextfield=25500, PrimarysupplierSarchbox=A'S JEWELRY, billingsupplierSarchbox=AMTC, TotalQtytextfield=25, runmode=N, DocReftextfield=IW-001, billingSupCountry=Singapore, TotalWttextfield=250, primarySupCountry=Singapore}]]>
              </value>
            </param>
          </params>
          <exception class="org.testng.SkipException">
            <message>
              <![CDATA[Skipping the test CREATEWATCHINVOICEas the Run mode is NO]]>
            </message>
            <full-stacktrace>
              <![CDATA[org.testng.SkipException: Skipping the test CREATEWATCHINVOICEas the Run mode is NO
at com.simplogics.testcases.CreateWatchInvoice.createWatchInvoice(CreateWatchInvoice.java:22)
at java.base/jdk.internal.reflect.NativeMethodAccessorImpl.invoke0(Native Method)
at java.base/jdk.internal.reflect.NativeMethodAccessorImpl.invoke(NativeMethodAccessorImpl.java:77)
at java.base/jdk.internal.reflect.DelegatingMethodAccessorImpl.invoke(DelegatingMethodAccessorImpl.java:43)
at java.base/java.lang.reflect.Method.invoke(Method.java:568)
at org.testng.internal.MethodInvocationHelper.invokeMethod(MethodInvocationHelper.java:133)
at org.testng.internal.TestInvoker.invokeMethod(TestInvoker.java:598)
at org.testng.internal.TestInvoker.invokeTestMethod(TestInvoker.java:173)
at org.testng.internal.MethodRunner.runInSequence(MethodRunner.java:46)
at org.testng.internal.TestInvoker$MethodInvocationAgent.invoke(TestInvoker.java:824)
at org.testng.internal.TestInvoker.invokeTestMethods(TestInvoker.java:146)
at org.testng.internal.TestMethodWorker.invokeTestMethods(TestMethodWorker.java:146)
at org.testng.internal.TestMethodWorker.run(TestMethodWorker.java:128)
at java.base/java.util.concurrent.ThreadPoolExecutor.runWorker(ThreadPoolExecutor.java:1136)
at java.base/java.util.concurrent.ThreadPoolExecutor$Worker.run(ThreadPoolExecutor.java:635)
at java.base/java.lang.Thread.run(Thread.java:833)
]]>
            </full-stacktrace>
          </exception> <!-- org.testng.SkipException -->
          <reporter-output>
          </reporter-output>
        </test-method> <!-- createWatchInvoice -->
        <test-method signature="createWatchInvoice(java.util.Hashtable)[pri:0, instance:com.simplogics.testcases.CreateWatchInvoice@5b11a194]" started-at="2022-04-01T13:16:21 IST" name="createWatchInvoice" data-provider="dp" finished-at="2022-04-01T13:16:21 IST" duration-ms="2" status="SKIP">
          <params>
            <param index="0">
              <value>
                <![CDATA[{Note=Test condition for Maxi, InvoiceCurrencytextfield=25500, PrimarysupplierSarchbox=A'S JEWELRY, billingsupplierSarchbox=ARCADE PTE LTD, TotalQtytextfield=25, runmode=Y, DocReftextfield=IW-027, billingSupCountry=Singapore, TotalWttextfield=250, primarySupCountry=Singapore}]]>
              </value>
            </param>
          </params>
          <exception class="org.testng.SkipException">
            <message>
              <![CDATA[Skipping the test CREATEWATCHINVOICEas the Run mode is NO]]>
            </message>
            <full-stacktrace>
              <![CDATA[org.testng.SkipException: Skipping the test CREATEWATCHINVOICEas the Run mode is NO
at com.simplogics.testcases.CreateWatchInvoice.createWatchInvoice(CreateWatchInvoice.java:22)
at java.base/jdk.internal.reflect.NativeMethodAccessorImpl.invoke0(Native Method)
at java.base/jdk.internal.reflect.NativeMethodAccessorImpl.invoke(NativeMethodAccessorImpl.java:77)
at java.base/jdk.internal.reflect.DelegatingMethodAccessorImpl.invoke(DelegatingMethodAccessorImpl.java:43)
at java.base/java.lang.reflect.Method.invoke(Method.java:568)
at org.testng.internal.MethodInvocationHelper.invokeMethod(MethodInvocationHelper.java:133)
at org.testng.internal.TestInvoker.invokeMethod(TestInvoker.java:598)
at org.testng.internal.TestInvoker.invokeTestMethod(TestInvoker.java:173)
at org.testng.internal.MethodRunner.runInSequence(MethodRunner.java:46)
at org.testng.internal.TestInvoker$MethodInvocationAgent.invoke(TestInvoker.java:824)
at org.testng.internal.TestInvoker.invokeTestMethods(TestInvoker.java:146)
at org.testng.internal.TestMethodWorker.invokeTestMethods(TestMethodWorker.java:146)
at org.testng.internal.TestMethodWorker.run(TestMethodWorker.java:128)
at java.base/java.util.concurrent.ThreadPoolExecutor.runWorker(ThreadPoolExecutor.java:1136)
at java.base/java.util.concurrent.ThreadPoolExecutor$Worker.run(ThreadPoolExecutor.java:635)
at java.base/java.lang.Thread.run(Thread.java:833)
]]>
            </full-stacktrace>
          </exception> <!-- org.testng.SkipException -->
          <reporter-output>
          </reporter-output>
        </test-method> <!-- createWatchInvoice -->
      </class> <!-- com.simplogics.testcases.CreateWatchInvoice -->
    </test> <!-- CreateWatchInvoice -->
    <test started-at="2022-04-01T13:16:21 IST" name="AddInvoiceWatchDetails" finished-at="2022-04-01T13:16:21 IST" duration-ms="10">
      <class name="com.simplogics.testcases.AddInvoiceWatchDetails">
        <test-method signature="addInvoiceWatchDetails(java.util.Hashtable)[pri:0, instance:com.simplogics.testcases.AddInvoiceWatchDetails@207ea13]" started-at="2022-04-01T13:16:21 IST" name="addInvoiceWatchDetails" data-provider="dp" finished-at="2022-04-01T13:16:21 IST" duration-ms="5" status="SKIP">
          <params>
            <param index="0">
              <value>
                <![CDATA[{Version=1, Quantity=12, PurchasedBy=Piece, Config=50, Model=92239, InvoiceCost=12240, SellingPriceMarkup=20, SupplierPatternCode=1, InvoiceWeight=120}]]>
              </value>
            </param>
          </params>
          <exception class="org.testng.SkipException">
            <message>
              <![CDATA[Skipping the test ADDINVOICEWATCHDETAILSas the Run mode is NO]]>
            </message>
            <full-stacktrace>
              <![CDATA[org.testng.SkipException: Skipping the test ADDINVOICEWATCHDETAILSas the Run mode is NO
at com.simplogics.testcases.AddInvoiceWatchDetails.addInvoiceWatchDetails(AddInvoiceWatchDetails.java:22)
at java.base/jdk.internal.reflect.NativeMethodAccessorImpl.invoke0(Native Method)
at java.base/jdk.internal.reflect.NativeMethodAccessorImpl.invoke(NativeMethodAccessorImpl.java:77)
at java.base/jdk.internal.reflect.DelegatingMethodAccessorImpl.invoke(DelegatingMethodAccessorImpl.java:43)
at java.base/java.lang.reflect.Method.invoke(Method.java:568)
at org.testng.internal.MethodInvocationHelper.invokeMethod(MethodInvocationHelper.java:133)
at org.testng.internal.TestInvoker.invokeMethod(TestInvoker.java:598)
at org.testng.internal.TestInvoker.invokeTestMethod(TestInvoker.java:173)
at org.testng.internal.MethodRunner.runInSequence(MethodRunner.java:46)
at org.testng.internal.TestInvoker$MethodInvocationAgent.invoke(TestInvoker.java:824)
at org.testng.internal.TestInvoker.invokeTestMethods(TestInvoker.java:146)
at org.testng.internal.TestMethodWorker.invokeTestMethods(TestMethodWorker.java:146)
at org.testng.internal.TestMethodWorker.run(TestMethodWorker.java:128)
at java.base/java.util.concurrent.ThreadPoolExecutor.runWorker(ThreadPoolExecutor.java:1136)
at java.base/java.util.concurrent.ThreadPoolExecutor$Worker.run(ThreadPoolExecutor.java:635)
at java.base/java.lang.Thread.run(Thread.java:833)
]]>
            </full-stacktrace>
          </exception> <!-- org.testng.SkipException -->
          <reporter-output>
          </reporter-output>
        </test-method> <!-- addInvoiceWatchDetails -->
        <test-method signature="addInvoiceWatchDetails(java.util.Hashtable)[pri:0, instance:com.simplogics.testcases.AddInvoiceWatchDetails@207ea13]" started-at="2022-04-01T13:16:21 IST" name="addInvoiceWatchDetails" data-provider="dp" finished-at="2022-04-01T13:16:21 IST" duration-ms="1" status="SKIP">
          <params>
            <param index="0">
              <value>
                <![CDATA[{Version=1, Quantity=8, PurchasedBy=Piece, Config=50, Model=92239, InvoiceCost=8160, SellingPriceMarkup=20, SupplierPatternCode=2, InvoiceWeight=80}]]>
              </value>
            </param>
          </params>
          <exception class="org.testng.SkipException">
            <message>
              <![CDATA[Skipping the test ADDINVOICEWATCHDETAILSas the Run mode is NO]]>
            </message>
            <full-stacktrace>
              <![CDATA[org.testng.SkipException: Skipping the test ADDINVOICEWATCHDETAILSas the Run mode is NO
at com.simplogics.testcases.AddInvoiceWatchDetails.addInvoiceWatchDetails(AddInvoiceWatchDetails.java:22)
at java.base/jdk.internal.reflect.NativeMethodAccessorImpl.invoke0(Native Method)
at java.base/jdk.internal.reflect.NativeMethodAccessorImpl.invoke(NativeMethodAccessorImpl.java:77)
at java.base/jdk.internal.reflect.DelegatingMethodAccessorImpl.invoke(DelegatingMethodAccessorImpl.java:43)
at java.base/java.lang.reflect.Method.invoke(Method.java:568)
at org.testng.internal.MethodInvocationHelper.invokeMethod(MethodInvocationHelper.java:133)
at org.testng.internal.TestInvoker.invokeMethod(TestInvoker.java:598)
at org.testng.internal.TestInvoker.invokeTestMethod(TestInvoker.java:173)
at org.testng.internal.MethodRunner.runInSequence(MethodRunner.java:46)
at org.testng.internal.TestInvoker$MethodInvocationAgent.invoke(TestInvoker.java:824)
at org.testng.internal.TestInvoker.invokeTestMethods(TestInvoker.java:146)
at org.testng.internal.TestMethodWorker.invokeTestMethods(TestMethodWorker.java:146)
at org.testng.internal.TestMethodWorker.run(TestMethodWorker.java:128)
at java.base/java.util.concurrent.ThreadPoolExecutor.runWorker(ThreadPoolExecutor.java:1136)
at java.base/java.util.concurrent.ThreadPoolExecutor$Worker.run(ThreadPoolExecutor.java:635)
at java.base/java.lang.Thread.run(Thread.java:833)
]]>
            </full-stacktrace>
          </exception> <!-- org.testng.SkipException -->
          <reporter-output>
          </reporter-output>
        </test-method> <!-- addInvoiceWatchDetails -->
        <test-method signature="addInvoiceWatchDetails(java.util.Hashtable)[pri:0, instance:com.simplogics.testcases.AddInvoiceWatchDetails@207ea13]" started-at="2022-04-01T13:16:21 IST" name="addInvoiceWatchDetails" data-provider="dp" finished-at="2022-04-01T13:16:21 IST" duration-ms="1" status="SKIP">
          <params>
            <param index="0">
              <value>
                <![CDATA[{Version=1, Quantity=5, PurchasedBy=Piece, Config=50, Model=92239, InvoiceCost=5100, SellingPriceMarkup=20, SupplierPatternCode=3, InvoiceWeight=50}]]>
              </value>
            </param>
          </params>
          <exception class="org.testng.SkipException">
            <message>
              <![CDATA[Skipping the test ADDINVOICEWATCHDETAILSas the Run mode is NO]]>
            </message>
            <full-stacktrace>
              <![CDATA[org.testng.SkipException: Skipping the test ADDINVOICEWATCHDETAILSas the Run mode is NO
at com.simplogics.testcases.AddInvoiceWatchDetails.addInvoiceWatchDetails(AddInvoiceWatchDetails.java:22)
at java.base/jdk.internal.reflect.NativeMethodAccessorImpl.invoke0(Native Method)
at java.base/jdk.internal.reflect.NativeMethodAccessorImpl.invoke(NativeMethodAccessorImpl.java:77)
at java.base/jdk.internal.reflect.DelegatingMethodAccessorImpl.invoke(DelegatingMethodAccessorImpl.java:43)
at java.base/java.lang.reflect.Method.invoke(Method.java:568)
at org.testng.internal.MethodInvocationHelper.invokeMethod(MethodInvocationHelper.java:133)
at org.testng.internal.TestInvoker.invokeMethod(TestInvoker.java:598)
at org.testng.internal.TestInvoker.invokeTestMethod(TestInvoker.java:173)
at org.testng.internal.MethodRunner.runInSequence(MethodRunner.java:46)
at org.testng.internal.TestInvoker$MethodInvocationAgent.invoke(TestInvoker.java:824)
at org.testng.internal.TestInvoker.invokeTestMethods(TestInvoker.java:146)
at org.testng.internal.TestMethodWorker.invokeTestMethods(TestMethodWorker.java:146)
at org.testng.internal.TestMethodWorker.run(TestMethodWorker.java:128)
at java.base/java.util.concurrent.ThreadPoolExecutor.runWorker(ThreadPoolExecutor.java:1136)
at java.base/java.util.concurrent.ThreadPoolExecutor$Worker.run(ThreadPoolExecutor.java:635)
at java.base/java.lang.Thread.run(Thread.java:833)
]]>
            </full-stacktrace>
          </exception> <!-- org.testng.SkipException -->
          <reporter-output>
          </reporter-output>
        </test-method> <!-- addInvoiceWatchDetails -->
      </class> <!-- com.simplogics.testcases.AddInvoiceWatchDetails -->
    </test> <!-- AddInvoiceWatchDetails -->
    <test started-at="2022-04-01T13:16:21 IST" name="uploadinAddRow" finished-at="2022-04-01T13:16:21 IST" duration-ms="9">
      <class name="com.simplogics.testcases.uploadinAddRow">
        <test-method signature="uploadbtnAddRow(java.util.Hashtable)[pri:0, instance:com.simplogics.testcases.uploadinAddRow@636e8cc]" started-at="2022-04-01T13:16:21 IST" name="uploadbtnAddRow" data-provider="dp" finished-at="2022-04-01T13:16:21 IST" duration-ms="2" status="SKIP">
          <params>
            <param index="0">
              <value>
                <![CDATA[{runmode=N, EXCELNAME=GoldInvoice_Detail.xlsx}]]>
              </value>
            </param>
          </params>
          <exception class="org.testng.SkipException">
            <message>
              <![CDATA[Skipping the test UPLOADBTNADDROWas the Run mode is NO]]>
            </message>
            <full-stacktrace>
              <![CDATA[org.testng.SkipException: Skipping the test UPLOADBTNADDROWas the Run mode is NO
at com.simplogics.testcases.uploadinAddRow.uploadbtnAddRow(uploadinAddRow.java:21)
at java.base/jdk.internal.reflect.NativeMethodAccessorImpl.invoke0(Native Method)
at java.base/jdk.internal.reflect.NativeMethodAccessorImpl.invoke(NativeMethodAccessorImpl.java:77)
at java.base/jdk.internal.reflect.DelegatingMethodAccessorImpl.invoke(DelegatingMethodAccessorImpl.java:43)
at java.base/java.lang.reflect.Method.invoke(Method.java:568)
at org.testng.internal.MethodInvocationHelper.invokeMethod(MethodInvocationHelper.java:133)
at org.testng.internal.TestInvoker.invokeMethod(TestInvoker.java:598)
at org.testng.internal.TestInvoker.invokeTestMethod(TestInvoker.java:173)
at org.testng.internal.MethodRunner.runInSequence(MethodRunner.java:46)
at org.testng.internal.TestInvoker$MethodInvocationAgent.invoke(TestInvoker.java:824)
at org.testng.internal.TestInvoker.invokeTestMethods(TestInvoker.java:146)
at org.testng.internal.TestMethodWorker.invokeTestMethods(TestMethodWorker.java:146)
at org.testng.internal.TestMethodWorker.run(TestMethodWorker.java:128)
at java.base/java.util.concurrent.ThreadPoolExecutor.runWorker(ThreadPoolExecutor.java:1136)
at java.base/java.util.concurrent.ThreadPoolExecutor$Worker.run(ThreadPoolExecutor.java:635)
at java.base/java.lang.Thread.run(Thread.java:833)
]]>
            </full-stacktrace>
          </exception> <!-- org.testng.SkipException -->
          <reporter-output>
          </reporter-output>
        </test-method> <!-- uploadbtnAddRow -->
        <test-method signature="uploadbtnAddRow(java.util.Hashtable)[pri:0, instance:com.simplogics.testcases.uploadinAddRow@636e8cc]" started-at="2022-04-01T13:16:21 IST" name="uploadbtnAddRow" data-provider="dp" finished-at="2022-04-01T13:16:21 IST" duration-ms="1" status="SKIP">
          <params>
            <param index="0">
              <value>
                <![CDATA[{runmode=Y, EXCELNAME=JewelleryInvoice_Detail.xlsx}]]>
              </value>
            </param>
          </params>
          <exception class="org.testng.SkipException">
            <message>
              <![CDATA[Skipping the test UPLOADBTNADDROWas the Run mode is NO]]>
            </message>
            <full-stacktrace>
              <![CDATA[org.testng.SkipException: Skipping the test UPLOADBTNADDROWas the Run mode is NO
at com.simplogics.testcases.uploadinAddRow.uploadbtnAddRow(uploadinAddRow.java:21)
at java.base/jdk.internal.reflect.NativeMethodAccessorImpl.invoke0(Native Method)
at java.base/jdk.internal.reflect.NativeMethodAccessorImpl.invoke(NativeMethodAccessorImpl.java:77)
at java.base/jdk.internal.reflect.DelegatingMethodAccessorImpl.invoke(DelegatingMethodAccessorImpl.java:43)
at java.base/java.lang.reflect.Method.invoke(Method.java:568)
at org.testng.internal.MethodInvocationHelper.invokeMethod(MethodInvocationHelper.java:133)
at org.testng.internal.TestInvoker.invokeMethod(TestInvoker.java:598)
at org.testng.internal.TestInvoker.invokeTestMethod(TestInvoker.java:173)
at org.testng.internal.MethodRunner.runInSequence(MethodRunner.java:46)
at org.testng.internal.TestInvoker$MethodInvocationAgent.invoke(TestInvoker.java:824)
at org.testng.internal.TestInvoker.invokeTestMethods(TestInvoker.java:146)
at org.testng.internal.TestMethodWorker.invokeTestMethods(TestMethodWorker.java:146)
at org.testng.internal.TestMethodWorker.run(TestMethodWorker.java:128)
at java.base/java.util.concurrent.ThreadPoolExecutor.runWorker(ThreadPoolExecutor.java:1136)
at java.base/java.util.concurrent.ThreadPoolExecutor$Worker.run(ThreadPoolExecutor.java:635)
at java.base/java.lang.Thread.run(Thread.java:833)
]]>
            </full-stacktrace>
          </exception> <!-- org.testng.SkipException -->
          <reporter-output>
          </reporter-output>
        </test-method> <!-- uploadbtnAddRow -->
        <test-method signature="uploadbtnAddRow(java.util.Hashtable)[pri:0, instance:com.simplogics.testcases.uploadinAddRow@636e8cc]" started-at="2022-04-01T13:16:21 IST" name="uploadbtnAddRow" data-provider="dp" finished-at="2022-04-01T13:16:21 IST" duration-ms="1" status="SKIP">
          <params>
            <param index="0">
              <value>
                <![CDATA[{runmode=N, EXCELNAME=BagInvoice_Details.xlsx}]]>
              </value>
            </param>
          </params>
          <exception class="org.testng.SkipException">
            <message>
              <![CDATA[Skipping the test UPLOADBTNADDROWas the Run mode is NO]]>
            </message>
            <full-stacktrace>
              <![CDATA[org.testng.SkipException: Skipping the test UPLOADBTNADDROWas the Run mode is NO
at com.simplogics.testcases.uploadinAddRow.uploadbtnAddRow(uploadinAddRow.java:21)
at java.base/jdk.internal.reflect.NativeMethodAccessorImpl.invoke0(Native Method)
at java.base/jdk.internal.reflect.NativeMethodAccessorImpl.invoke(NativeMethodAccessorImpl.java:77)
at java.base/jdk.internal.reflect.DelegatingMethodAccessorImpl.invoke(DelegatingMethodAccessorImpl.java:43)
at java.base/java.lang.reflect.Method.invoke(Method.java:568)
at org.testng.internal.MethodInvocationHelper.invokeMethod(MethodInvocationHelper.java:133)
at org.testng.internal.TestInvoker.invokeMethod(TestInvoker.java:598)
at org.testng.internal.TestInvoker.invokeTestMethod(TestInvoker.java:173)
at org.testng.internal.MethodRunner.runInSequence(MethodRunner.java:46)
at org.testng.internal.TestInvoker$MethodInvocationAgent.invoke(TestInvoker.java:824)
at org.testng.internal.TestInvoker.invokeTestMethods(TestInvoker.java:146)
at org.testng.internal.TestMethodWorker.invokeTestMethods(TestMethodWorker.java:146)
at org.testng.internal.TestMethodWorker.run(TestMethodWorker.java:128)
at java.base/java.util.concurrent.ThreadPoolExecutor.runWorker(ThreadPoolExecutor.java:1136)
at java.base/java.util.concurrent.ThreadPoolExecutor$Worker.run(ThreadPoolExecutor.java:635)
at java.base/java.lang.Thread.run(Thread.java:833)
]]>
            </full-stacktrace>
          </exception> <!-- org.testng.SkipException -->
          <reporter-output>
          </reporter-output>
        </test-method> <!-- uploadbtnAddRow -->
        <test-method signature="uploadbtnAddRow(java.util.Hashtable)[pri:0, instance:com.simplogics.testcases.uploadinAddRow@636e8cc]" started-at="2022-04-01T13:16:21 IST" name="uploadbtnAddRow" data-provider="dp" finished-at="2022-04-01T13:16:21 IST" duration-ms="0" status="SKIP">
          <params>
            <param index="0">
              <value>
                <![CDATA[{runmode=N, EXCELNAME=WatchInvoice_Details.xlsx}]]>
              </value>
            </param>
          </params>
          <exception class="org.testng.SkipException">
            <message>
              <![CDATA[Skipping the test UPLOADBTNADDROWas the Run mode is NO]]>
            </message>
            <full-stacktrace>
              <![CDATA[org.testng.SkipException: Skipping the test UPLOADBTNADDROWas the Run mode is NO
at com.simplogics.testcases.uploadinAddRow.uploadbtnAddRow(uploadinAddRow.java:21)
at java.base/jdk.internal.reflect.NativeMethodAccessorImpl.invoke0(Native Method)
at java.base/jdk.internal.reflect.NativeMethodAccessorImpl.invoke(NativeMethodAccessorImpl.java:77)
at java.base/jdk.internal.reflect.DelegatingMethodAccessorImpl.invoke(DelegatingMethodAccessorImpl.java:43)
at java.base/java.lang.reflect.Method.invoke(Method.java:568)
at org.testng.internal.MethodInvocationHelper.invokeMethod(MethodInvocationHelper.java:133)
at org.testng.internal.TestInvoker.invokeMethod(TestInvoker.java:598)
at org.testng.internal.TestInvoker.invokeTestMethod(TestInvoker.java:173)
[...]
            </message>
            <full-stacktrace>
              <![CDATA[org.testng.SkipException: Skipping the test ISSUEOUTANDMELTINGHISTORYas the Run mode is NO
at com.simplogics.testcases.IssueOutAndMeltingHistory.issueOutandMeltingHistory(IssueOutAndMeltingHistory.java:22)
at java.base/jdk.internal.reflect.NativeMethodAccessorImpl.invoke0(Native Method)
at java.base/jdk.internal.reflect.NativeMethodAccessorImpl.invoke(NativeMethodAccessorImpl.java:77)
at java.base/jdk.internal.reflect.DelegatingMethodAccessorImpl.invoke(DelegatingMethodAccessorImpl.java:43)
at java.base/java.lang.reflect.Method.invoke(Method.java:568)
at org.testng.internal.MethodInvocationHelper.invokeMethod(MethodInvocationHelper.java:133)
at org.testng.internal.TestInvoker.invokeMethod(TestInvoker.java:598)
at org.testng.internal.TestInvoker.invokeTestMethod(TestInvoker.java:173)
at org.testng.internal.MethodRunner.runInSequence(MethodRunner.java:46)
at org.testng.internal.TestInvoker$MethodInvocationAgent.invoke(TestInvoker.java:824)
at org.testng.internal.TestInvoker.invokeTestMethods(TestInvoker.java:146)
at org.testng.internal.TestMethodWorker.invokeTestMethods(TestMethodWorker.java:146)
at org.testng.internal.TestMethodWorker.run(TestMethodWorker.java:128)
at java.base/java.util.concurrent.ThreadPoolExecutor.runWorker(ThreadPoolExecutor.java:1136)
at java.base/java.util.concurrent.ThreadPoolExecutor$Worker.run(ThreadPoolExecutor.java:635)
at java.base/java.lang.Thread.run(Thread.java:833)
]]>
            </full-stacktrace>
          </exception> <!-- org.testng.SkipException -->
          <reporter-output>
          </reporter-output>
        </test-method> <!-- issueOutandMeltingHistory -->
        <test-method signature="issueOutandMeltingHistory(java.util.Hashtable)[pri:0, instance:com.simplogics.testcases.IssueOutAndMeltingHistory@54107f42]" started-at="2022-04-01T13:16:43 IST" name="issueOutandMeltingHistory" data-provider="dp" finished-at="2022-04-01T13:16:43 IST" duration-ms="1" status="SKIP">
          <params>
            <param index="0">
              <value>
                <![CDATA[{Approver=, SearchID=, CreatedBy=, Action=, CreatedDate=4/2/22, runmode=N, Purpose=, Country=, RecipientType=}]]>
              </value>
            </param>
          </params>
          <exception class="org.testng.SkipException">
            <message>
              <![CDATA[Skipping the test ISSUEOUTANDMELTINGHISTORYas the Run mode is NO]]>
            </message>
            <full-stacktrace>
              <![CDATA[org.testng.SkipException: Skipping the test ISSUEOUTANDMELTINGHISTORYas the Run mode is NO
at com.simplogics.testcases.IssueOutAndMeltingHistory.issueOutandMeltingHistory(IssueOutAndMeltingHistory.java:22)
at java.base/jdk.internal.reflect.NativeMethodAccessorImpl.invoke0(Native Method)
at java.base/jdk.internal.reflect.NativeMethodAccessorImpl.invoke(NativeMethodAccessorImpl.java:77)
at java.base/jdk.internal.reflect.DelegatingMethodAccessorImpl.invoke(DelegatingMethodAccessorImpl.java:43)
at java.base/java.lang.reflect.Method.invoke(Method.java:568)
at org.testng.internal.MethodInvocationHelper.invokeMethod(MethodInvocationHelper.java:133)
at org.testng.internal.TestInvoker.invokeMethod(TestInvoker.java:598)
at org.testng.internal.TestInvoker.invokeTestMethod(TestInvoker.java:173)
at org.testng.internal.MethodRunner.runInSequence(MethodRunner.java:46)
at org.testng.internal.TestInvoker$MethodInvocationAgent.invoke(TestInvoker.java:824)
at org.testng.internal.TestInvoker.invokeTestMethods(TestInvoker.java:146)
at org.testng.internal.TestMethodWorker.invokeTestMethods(TestMethodWorker.java:146)
at org.testng.internal.TestMethodWorker.run(TestMethodWorker.java:128)
at java.base/java.util.concurrent.ThreadPoolExecutor.runWorker(ThreadPoolExecutor.java:1136)
at java.base/java.util.concurrent.ThreadPoolExecutor$Worker.run(ThreadPoolExecutor.java:635)
at java.base/java.lang.Thread.run(Thread.java:833)
]]>
            </full-stacktrace>
          </exception> <!-- org.testng.SkipException -->
          <reporter-output>
          </reporter-output>
        </test-method> <!-- issueOutandMeltingHistory -->
        <test-method signature="issueOutandMeltingHistory(java.util.Hashtable)[pri:0, instance:com.simplogics.testcases.IssueOutAndMeltingHistory@54107f42]" started-at="2022-04-01T13:16:43 IST" name="issueOutandMeltingHistory" data-provider="dp" finished-at="2022-04-01T13:16:43 IST" duration-ms="0" status="SKIP">
          <params>
            <param index="0">
              <value>
                <![CDATA[{Approver=, SearchID=, CreatedBy=, Action=, CreatedDate=, runmode=N, Purpose=Sample Sales, Country=Singapore, RecipientType=External Supplier}]]>
              </value>
            </param>
          </params>
          <exception class="org.testng.SkipException">
            <message>
              <![CDATA[Skipping the test ISSUEOUTANDMELTINGHISTORYas the Run mode is NO]]>
            </message>
            <full-stacktrace>
              <![CDATA[org.testng.SkipException: Skipping the test ISSUEOUTANDMELTINGHISTORYas the Run mode is NO
at com.simplogics.testcases.IssueOutAndMeltingHistory.issueOutandMeltingHistory(IssueOutAndMeltingHistory.java:22)
at java.base/jdk.internal.reflect.NativeMethodAccessorImpl.invoke0(Native Method)
at java.base/jdk.internal.reflect.NativeMethodAccessorImpl.invoke(NativeMethodAccessorImpl.java:77)
at java.base/jdk.internal.reflect.DelegatingMethodAccessorImpl.invoke(DelegatingMethodAccessorImpl.java:43)
at java.base/java.lang.reflect.Method.invoke(Method.java:568)
at org.testng.internal.MethodInvocationHelper.invokeMethod(MethodInvocationHelper.java:133)
at org.testng.internal.TestInvoker.invokeMethod(TestInvoker.java:598)
at org.testng.internal.TestInvoker.invokeTestMethod(TestInvoker.java:173)
at org.testng.internal.MethodRunner.runInSequence(MethodRunner.java:46)
at org.testng.internal.TestInvoker$MethodInvocationAgent.invoke(TestInvoker.java:824)
at org.testng.internal.TestInvoker.invokeTestMethods(TestInvoker.java:146)
at org.testng.internal.TestMethodWorker.invokeTestMethods(TestMethodWorker.java:146)
at org.testng.internal.TestMethodWorker.run(TestMethodWorker.java:128)
at java.base/java.util.concurrent.ThreadPoolExecutor.runWorker(ThreadPoolExecutor.java:1136)
at java.base/java.util.concurrent.ThreadPoolExecutor$Worker.run(ThreadPoolExecutor.java:635)
at java.base/java.lang.Thread.run(Thread.java:833)
]]>
            </full-stacktrace>
          </exception> <!-- org.testng.SkipException -->
          <reporter-output>
          </reporter-output>
        </test-method> <!-- issueOutandMeltingHistory -->
        <test-method signature="issueOutandMeltingHistory(java.util.Hashtable)[pri:0, instance:com.simplogics.testcases.IssueOutAndMeltingHistory@54107f42]" started-at="2022-04-01T13:16:43 IST" name="issueOutandMeltingHistory" data-provider="dp" finished-at="2022-04-01T13:16:43 IST" duration-ms="1" status="SKIP">
          <params>
            <param index="0">
              <value>
                <![CDATA[{Approver=, SearchID=, CreatedBy=CITSUPPORT3, Action=, CreatedDate=4/2/22, runmode=N, Purpose=, Country=Singapore, RecipientType=External Supplier}]]>
              </value>
            </param>
          </params>
          <exception class="org.testng.SkipException">
            <message>
              <![CDATA[Skipping the test ISSUEOUTANDMELTINGHISTORYas the Run mode is NO]]>
            </message>
            <full-stacktrace>
              <![CDATA[org.testng.SkipException: Skipping the test ISSUEOUTANDMELTINGHISTORYas the Run mode is NO
at com.simplogics.testcases.IssueOutAndMeltingHistory.issueOutandMeltingHistory(IssueOutAndMeltingHistory.java:22)
at java.base/jdk.internal.reflect.NativeMethodAccessorImpl.invoke0(Native Method)
at java.base/jdk.internal.reflect.NativeMethodAccessorImpl.invoke(NativeMethodAccessorImpl.java:77)
at java.base/jdk.internal.reflect.DelegatingMethodAccessorImpl.invoke(DelegatingMethodAccessorImpl.java:43)
at java.base/java.lang.reflect.Method.invoke(Method.java:568)
at org.testng.internal.MethodInvocationHelper.invokeMethod(MethodInvocationHelper.java:133)
at org.testng.internal.TestInvoker.invokeMethod(TestInvoker.java:598)
at org.testng.internal.TestInvoker.invokeTestMethod(TestInvoker.java:173)
at org.testng.internal.MethodRunner.runInSequence(MethodRunner.java:46)
at org.testng.internal.TestInvoker$MethodInvocationAgent.invoke(TestInvoker.java:824)
at org.testng.internal.TestInvoker.invokeTestMethods(TestInvoker.java:146)
at org.testng.internal.TestMethodWorker.invokeTestMethods(TestMethodWorker.java:146)
at org.testng.internal.TestMethodWorker.run(TestMethodWorker.java:128)
at java.base/java.util.concurrent.ThreadPoolExecutor.runWorker(ThreadPoolExecutor.java:1136)
at java.base/java.util.concurrent.ThreadPoolExecutor$Worker.run(ThreadPoolExecutor.java:635)
at java.base/java.lang.Thread.run(Thread.java:833)
]]>
            </full-stacktrace>
          </exception> <!-- org.testng.SkipException -->
          <reporter-output>
          </reporter-output>
        </test-method> <!-- issueOutandMeltingHistory -->
        <test-method signature="issueOutandMeltingHistory(java.util.Hashtable)[pri:0, instance:com.simplogics.testcases.IssueOutAndMeltingHistory@54107f42]" started-at="2022-04-01T13:16:43 IST" name="issueOutandMeltingHistory" data-provider="dp" finished-at="2022-04-01T13:16:43 IST" duration-ms="0" status="SKIP">
          <params>
            <param index="0">
              <value>
                <![CDATA[{Approver=-, SearchID=, CreatedBy=CITSUPPORT3, Action=, CreatedDate=4/2/22, runmode=N, Purpose=, Country=, RecipientType=}]]>
              </value>
            </param>
          </params>
          <exception class="org.testng.SkipException">
            <message>
              <![CDATA[Skipping the test ISSUEOUTANDMELTINGHISTORYas the Run mode is NO]]>
            </message>
            <full-stacktrace>
              <![CDATA[org.testng.SkipException: Skipping the test ISSUEOUTANDMELTINGHISTORYas the Run mode is NO
at com.simplogics.testcases.IssueOutAndMeltingHistory.issueOutandMeltingHistory(IssueOutAndMeltingHistory.java:22)
at java.base/jdk.internal.reflect.NativeMethodAccessorImpl.invoke0(Native Method)
at java.base/jdk.internal.reflect.NativeMethodAccessorImpl.invoke(NativeMethodAccessorImpl.java:77)
at java.base/jdk.internal.reflect.DelegatingMethodAccessorImpl.invoke(DelegatingMethodAccessorImpl.java:43)
at java.base/java.lang.reflect.Method.invoke(Method.java:568)
at org.testng.internal.MethodInvocationHelper.invokeMethod(MethodInvocationHelper.java:133)
at org.testng.internal.TestInvoker.invokeMethod(TestInvoker.java:598)
at org.testng.internal.TestInvoker.invokeTestMethod(TestInvoker.java:173)
at org.testng.internal.MethodRunner.runInSequence(MethodRunner.java:46)
at org.testng.internal.TestInvoker$MethodInvocationAgent.invoke(TestInvoker.java:824)
at org.testng.internal.TestInvoker.invokeTestMethods(TestInvoker.java:146)
at org.testng.internal.TestMethodWorker.invokeTestMethods(TestMethodWorker.java:146)
at org.testng.internal.TestMethodWorker.run(TestMethodWorker.java:128)
at java.base/java.util.concurrent.ThreadPoolExecutor.runWorker(ThreadPoolExecutor.java:1136)
at java.base/java.util.concurrent.ThreadPoolExecutor$Worker.run(ThreadPoolExecutor.java:635)
at java.base/java.lang.Thread.run(Thread.java:833)
]]>
            </full-stacktrace>
          </exception> <!-- org.testng.SkipException -->
          <reporter-output>
          </reporter-output>
        </test-method> <!-- issueOutandMeltingHistory -->
        <test-method signature="issueOutandMeltingHistory(java.util.Hashtable)[pri:0, instance:com.simplogics.testcases.IssueOutAndMeltingHistory@54107f42]" started-at="2022-04-01T13:16:43 IST" name="issueOutandMeltingHistory" data-provider="dp" finished-at="2022-04-01T13:16:43 IST" duration-ms="1" status="SKIP">
          <params>
            <param index="0">
              <value>
                <![CDATA[{Approver=-, SearchID=, CreatedBy=CITSUPPORT3, Action=, CreatedDate=4/2/22, runmode=N, Purpose=Sample Sales, Country=Singapore, RecipientType=External Supplier}]]>
              </value>
            </param>
          </params>
          <exception class="org.testng.SkipException">
            <message>
              <![CDATA[Skipping the test ISSUEOUTANDMELTINGHISTORYas the Run mode is NO]]>
            </message>
            <full-stacktrace>
              <![CDATA[org.testng.SkipException: Skipping the test ISSUEOUTANDMELTINGHISTORYas the Run mode is NO
at com.simplogics.testcases.IssueOutAndMeltingHistory.issueOutandMeltingHistory(IssueOutAndMeltingHistory.java:22)
at java.base/jdk.internal.reflect.NativeMethodAccessorImpl.invoke0(Native Method)
at java.base/jdk.internal.reflect.NativeMethodAccessorImpl.invoke(NativeMethodAccessorImpl.java:77)
at java.base/jdk.internal.reflect.DelegatingMethodAccessorImpl.invoke(DelegatingMethodAccessorImpl.java:43)
at java.base/java.lang.reflect.Method.invoke(Method.java:568)
at org.testng.internal.MethodInvocationHelper.invokeMethod(MethodInvocationHelper.java:133)
at org.testng.internal.TestInvoker.invokeMethod(TestInvoker.java:598)
at org.testng.internal.TestInvoker.invokeTestMethod(TestInvoker.java:173)
at org.testng.internal.MethodRunner.runInSequence(MethodRunner.java:46)
at org.testng.internal.TestInvoker$MethodInvocationAgent.invoke(TestInvoker.java:824)
at org.testng.internal.TestInvoker.invokeTestMethods(TestInvoker.java:146)
at org.testng.internal.TestMethodWorker.invokeTestMethods(TestMethodWorker.java:146)
at org.testng.internal.TestMethodWorker.run(TestMethodWorker.java:128)
at java.base/java.util.concurrent.ThreadPoolExecutor.runWorker(ThreadPoolExecutor.java:1136)
at java.base/java.util.concurrent.ThreadPoolExecutor$Worker.run(ThreadPoolExecutor.java:635)
at java.base/java.lang.Thread.run(Thread.java:833)
]]>
            </full-stacktrace>
          </exception> <!-- org.testng.SkipException -->
          <reporter-output>
          </reporter-output>
        </test-method> <!-- issueOutandMeltingHistory -->
        <test-method signature="issueOutandMeltingHistory(java.util.Hashtable)[pri:0, instance:com.simplogics.testcases.IssueOutAndMeltingHistory@54107f42]" started-at="2022-04-01T13:16:43 IST" name="issueOutandMeltingHistory" data-provider="dp" finished-at="2022-04-01T13:16:43 IST" duration-ms="0" status="SKIP">
          <params>
            <param index="0">
              <value>
                <![CDATA[{Approver=engyeowtan, SearchID=, CreatedBy=, Action=, CreatedDate=, runmode=N, Purpose=, Country=, RecipientType=}]]>
              </value>
            </param>
          </params>
          <exception class="org.testng.SkipException">
            <message>
              <![CDATA[Skipping the test ISSUEOUTANDMELTINGHISTORYas the Run mode is NO]]>
            </message>
            <full-stacktrace>
              <![CDATA[org.testng.SkipException: Skipping the test ISSUEOUTANDMELTINGHISTORYas the Run mode is NO
at com.simplogics.testcases.IssueOutAndMeltingHistory.issueOutandMeltingHistory(IssueOutAndMeltingHistory.java:22)
at java.base/jdk.internal.reflect.NativeMethodAccessorImpl.invoke0(Native Method)
at java.base/jdk.internal.reflect.NativeMethodAccessorImpl.invoke(NativeMethodAccessorImpl.java:77)
at java.base/jdk.internal.reflect.DelegatingMethodAccessorImpl.invoke(DelegatingMethodAccessorImpl.java:43)
at java.base/java.lang.reflect.Method.invoke(Method.java:568)
at org.testng.internal.MethodInvocationHelper.invokeMethod(MethodInvocationHelper.java:133)
at org.testng.internal.TestInvoker.invokeMethod(TestInvoker.java:598)
at org.testng.internal.TestInvoker.invokeTestMethod(TestInvoker.java:173)
at org.testng.internal.MethodRunner.runInSequence(MethodRunner.java:46)
at org.testng.internal.TestInvoker$MethodInvocationAgent.invoke(TestInvoker.java:824)
at org.testng.internal.TestInvoker.invokeTestMethods(TestInvoker.java:146)
at org.testng.internal.TestMethodWorker.invokeTestMethods(TestMethodWorker.java:146)
at org.testng.internal.TestMethodWorker.run(TestMethodWorker.java:128)
at java.base/java.util.concurrent.ThreadPoolExecutor.runWorker(ThreadPoolExecutor.java:1136)
at java.base/java.util.concurrent.ThreadPoolExecutor$Worker.run(ThreadPoolExecutor.java:635)
at java.base/java.lang.Thread.run(Thread.java:833)
]]>
            </full-stacktrace>
          </exception> <!-- org.testng.SkipException -->
          <reporter-output>
          </reporter-output>
        </test-method> <!-- issueOutandMeltingHistory -->
        <test-method signature="issueOutandMeltingHistory(java.util.Hashtable)[pri:0, instance:com.simplogics.testcases.IssueOutAndMeltingHistory@54107f42]" started-at="2022-04-01T13:16:43 IST" name="issueOutandMeltingHistory" data-provider="dp" finished-at="2022-04-01T13:16:43 IST" duration-ms="1" status="SKIP">
          <params>
            <param index="0">
              <value>
                <![CDATA[{Approver=, SearchID=1370, CreatedBy=, Action=Send for melting, CreatedDate=, runmode=Y, Purpose=, Country=, RecipientType=External Supplier}]]>
              </value>
            </param>
          </params>
          <exception class="org.testng.SkipException">
            <message>
              <![CDATA[Skipping the test ISSUEOUTANDMELTINGHISTORYas the Run mode is NO]]>
            </message>
            <full-stacktrace>
              <![CDATA[org.testng.SkipException: Skipping the test ISSUEOUTANDMELTINGHISTORYas the Run mode is NO
at com.simplogics.testcases.IssueOutAndMeltingHistory.issueOutandMeltingHistory(IssueOutAndMeltingHistory.java:22)
at java.base/jdk.internal.reflect.NativeMethodAccessorImpl.invoke0(Native Method)
at java.base/jdk.internal.reflect.NativeMethodAccessorImpl.invoke(NativeMethodAccessorImpl.java:77)
at java.base/jdk.internal.reflect.DelegatingMethodAccessorImpl.invoke(DelegatingMethodAccessorImpl.java:43)
at java.base/java.lang.reflect.Method.invoke(Method.java:568)
at org.testng.internal.MethodInvocationHelper.invokeMethod(MethodInvocationHelper.java:133)
at org.testng.internal.TestInvoker.invokeMethod(TestInvoker.java:598)
at org.testng.internal.TestInvoker.invokeTestMethod(TestInvoker.java:173)
at org.testng.internal.MethodRunner.runInSequence(MethodRunner.java:46)
at org.testng.internal.TestInvoker$MethodInvocationAgent.invoke(TestInvoker.java:824)
at org.testng.internal.TestInvoker.invokeTestMethods(TestInvoker.java:146)
at org.testng.internal.TestMethodWorker.invokeTestMethods(TestMethodWorker.java:146)
at org.testng.internal.TestMethodWorker.run(TestMethodWorker.java:128)
at java.base/java.util.concurrent.ThreadPoolExecutor.runWorker(ThreadPoolExecutor.java:1136)
at java.base/java.util.concurrent.ThreadPoolExecutor$Worker.run(ThreadPoolExecutor.java:635)
at java.base/java.lang.Thread.run(Thread.java:833)
]]>
            </full-stacktrace>
          </exception> <!-- org.testng.SkipException -->
          <reporter-output>
          </reporter-output>
        </test-method> <!-- issueOutandMeltingHistory -->
        <test-method is-config="true" signature="afterSuite()[pri:0, instance:com.simplogics.testcases.IssueOutAndMeltingHistory@54107f42]" started-at="2022-04-01T13:16:43 IST" name="afterSuite" finished-at="2022-04-01T13:16:44 IST" duration-ms="324" status="PASS">
          <reporter-output>
          </reporter-output>
        </test-method> <!-- afterSuite -->
      </class> <!-- com.simplogics.testcases.IssueOutAndMeltingHistory -->
    </test> <!-- IssueOutAndMeltingHistory -->
  </suite> <!-- Aspial Automation Test Framework -->
</testng-results>
